15-03-2017 03:48:54pm	Login	Mahfudz Aji	Array
15-03-2017 04:24:14pm	Login	Mahfudz Aji	Login berhasil
15-03-2017 04:25:38pm	Logout	Mahfudz Aji	Logout berhasil
15-03-2017 04:31:11pm	Login	Mahfudz Aji	Login berhasil
20-03-2017 01:44:27pm	Login	Mahfudz Aji	Login berhasil
21-03-2017 09:10:10am	Login	Mahfudz Aji	Login berhasil
21-03-2017 09:26:56am	Login	Mahfudz Aji	Login berhasil
21-03-2017 10:21:03am	Login	Mahfudz Aji	Login berhasil
21-03-2017 12:07:11pm	Logout	Mahfudz Aji	Logout berhasil
21-03-2017 12:07:19pm	Login	Mahfudz Aji	Login berhasil
21-03-2017 12:25:29pm	Partner	Mahfudz Aji	Pendaftaran partner berhasil
21-03-2017 12:28:11pm	Partner	Mahfudz Aji	Pendaftaran partner berhasil
21-03-2017 12:29:48pm	Partner	Mahfudz Aji	Pendaftaran partner berhasil
23-03-2017 09:44:51am	Login	Mahfudz Aji	Login berhasil
23-03-2017 09:48:15am	Login	Mahfudz Aji	Login berhasil
24-03-2017 10:13:20am	Login	Mahfudz Aji	Login berhasil
24-03-2017 05:26:27pm	Logout	Mahfudz Aji	Logout berhasil
24-03-2017 05:26:36pm	Login	Mahfudz Aji	Login berhasil
30-03-2017 09:23:53am	Login	Mahfudz Aji	Login berhasil
30-03-2017 10:13:36am	Partner	Mahfudz Aji	Pendaftaran partner berhasil
30-03-2017 02:12:59pm	Logout	Mahfudz Aji	Logout berhasil
30-03-2017 02:22:49pm	Login	Mahfudz Aji	Login berhasil
30-03-2017 02:22:55pm	Logout	Mahfudz Aji	Logout berhasil
30-03-2017 02:29:38pm	Login	Mahfudz Aji	Login berhasil
30-03-2017 02:30:39pm	Logout	Mahfudz Aji	Logout berhasil
30-03-2017 02:35:18pm	Login	aji	Login berhasil
30-03-2017 02:35:42pm	Logout	aji	Logout berhasil
30-03-2017 02:35:47pm	Login	aji	Login berhasil
30-03-2017 03:07:46pm	Logout	aji	Logout berhasil
30-03-2017 03:07:51pm	Login	Mahfudz Aji	Login berhasil
31-03-2017 02:34:02pm	Login	Mahfudz Aji	Login berhasil
01-04-2017 12:36:40am	Logout	Mahfudz Aji	Logout berhasil
01-04-2017 09:18:33am	Login	Mahfudz Aji	Login berhasil
01-04-2017 09:48:57am	Partner	Mahfudz Aji	Pembaharuan partner berhasil
01-04-2017 09:49:22am	Partner	Mahfudz Aji	Pembaharuan partner berhasil
01-04-2017 10:13:07am	Partner	Mahfudz Aji	Pembaharuan partner berhasil
01-04-2017 10:15:42am	Partner	Mahfudz Aji	Pendaftaran partner berhasil
01-04-2017 10:27:06am	Partner	Mahfudz Aji	Pembaharuan partner berhasil
01-04-2017 10:28:49am	Partner	Mahfudz Aji	Pendaftaran partner berhasil
03-04-2017 01:53:40pm	Login	Mahfudz Aji	Login berhasil
03-04-2017 02:05:41pm	Logout	Mahfudz Aji	Logout berhasil
03-04-2017 02:05:50pm	Login	Mahfudz Aji	Login berhasil
03-04-2017 02:51:33pm	Logout	Mahfudz Aji	Logout berhasil
03-04-2017 03:16:45pm	Login	Mahfudz Aji	Login berhasil
05-04-2017 10:04:55am	Login	Mahfudz Aji	Login berhasil
06-04-2017 01:24:25pm	Login	Mahfudz Aji	Login berhasil
07-04-2017 09:43:18am	Login	Mahfudz Aji	Login berhasil
07-04-2017 11:30:39am	Insert product	Mahfudz Aji	Mendaftarkan product berhasil
07-04-2017 01:40:07pm	Login	Mahfudz Aji	Login berhasil
07-04-2017 01:41:48pm	Insert Category	Mahfudz Aji	Mendaftarkan Category berhasil
07-04-2017 02:14:47pm	Insert product	Mahfudz Aji	Mendaftarkan product berhasil
10-04-2017 09:19:50am	Login	Mahfudz Aji	Login berhasil
10-04-2017 01:33:33pm	Login	Mahfudz Aji	Login berhasil
12-04-2017 09:57:47am	Login	Mahfudz Aji	Login berhasil
12-04-2017 04:48:23pm	Tanda terima	Mahfudz Aji	Pendaftaran data tanda terima berhasil
12-04-2017 04:49:42pm	Tanda terima	Mahfudz Aji	Pendaftaran data tanda terima berhasil
13-04-2017 09:31:09am	Login	Mahfudz Aji	Login berhasil
17-04-2017 10:40:45am	Login	Mahfudz Aji	Login berhasil
18-04-2017 10:28:11am	Login	Mahfudz Aji	Login berhasil
18-04-2017 11:03:11am	Tanda terima	Mahfudz Aji	Pendaftaran data tanda terima berhasil
18-04-2017 11:03:58am	Tanda terima	Mahfudz Aji	Pendaftaran data tanda terima gagal
18-04-2017 11:44:37am	Tanda terima	Mahfudz Aji	Pendaftaran data tanda terima berhasil
20-04-2017 08:42:05am	Login	Mahfudz Aji	Login berhasil
21-04-2017 10:12:08am	Login	Mahfudz Aji	Login berhasil
21-04-2017 10:52:16am	Tanda terima	Mahfudz Aji	Catatan tanda terima berhasil disimpan
21-04-2017 11:07:10am	Tanda terima	Mahfudz Aji	Catatan tanda terima gagal disimpan dalam database
25-04-2017 10:09:32am	Login	Mahfudz Aji	Login berhasil
25-04-2017 11:16:15am	Tanda terima	Mahfudz Aji	Pendaftaran data tanda terima berhasil
25-04-2017 11:59:50am	Tanda terima	Mahfudz Aji	Pendaftaran data tanda terima berhasil
25-04-2017 12:06:32pm	Tanda terima	Mahfudz Aji	Pendaftaran data tanda terima berhasil
25-04-2017 02:46:26pm	Tanda terima	Mahfudz Aji	Pendaftaran data tanda terima berhasil
25-04-2017 03:55:42pm	Tanda terima	Mahfudz Aji	Pendaftaran data tanda terima berhasil
25-04-2017 08:38:31pm	Tanda terima	Mahfudz Aji	Pendaftaran data tanda terima berhasil
25-04-2017 08:41:26pm	Tanda terima	Mahfudz Aji	Pendaftaran data tanda terima berhasil
26-04-2017 10:28:13am	Login	Mahfudz Aji	Login berhasil
26-04-2017 03:06:19pm	Tanda terima	Mahfudz Aji	Pendaftaran data tanda terima berhasil
26-04-2017 03:08:34pm	Tanda terima	Mahfudz Aji	Pendaftaran data tanda terima berhasil
27-04-2017 09:58:48am	Login	Mahfudz Aji	Login berhasil
03-05-2017 10:52:26am	Login	Mahfudz Aji	Login berhasil
03-05-2017 02:19:14pm	Insert product	Mahfudz Aji	Mendaftarkan product berhasil
03-05-2017 02:22:07pm	Tanda terima	Mahfudz Aji	Pendaftaran data tanda terima berhasil
10-05-2017 10:41:04am	Login	Mahfudz Aji	Login berhasil
12-05-2017 01:45:42pm	Login	Mahfudz Aji	Login berhasil
18-05-2017 01:53:06pm	Login	Mahfudz Aji	Login berhasil
19-05-2017 09:10:54am	Login	Mahfudz Aji	Login berhasil
19-05-2017 02:47:11pm	Login	Mahfudz Aji	Login berhasil
22-05-2017 09:26:41am	Login	Mahfudz Aji	Login berhasil
22-05-2017 04:15:40pm	Tanda terima	Mahfudz Aji	Catatan tanda terima gagal disimpan dalam database
22-05-2017 04:21:07pm	Insert document notes	Mahfudz Aji	Mendaftarkan notes $notes berhasil
24-05-2017 09:14:50am	Login	Mahfudz Aji	Login berhasil
24-05-2017 09:19:22am	Insert document notes	Mahfudz Aji	Mendaftarkan notes $notes berhasil
24-05-2017 12:00:17pm	Tanda terima	Mahfudz Aji	Pembaharuan data tanda terima  gagal
24-05-2017 12:02:51pm	Tanda terima	Mahfudz Aji	Pembaharuan data tanda terima 1 gagal
24-05-2017 12:07:16pm	Tanda terima	Mahfudz Aji	Pembaharuan data tanda terima 1 gagal
24-05-2017 12:09:44pm	Tanda terima	Mahfudz Aji	Pembaharuan data tanda terima 1 gagal
24-05-2017 12:10:27pm	Tanda terima	Mahfudz Aji	Pembaharuan data tanda terima 1 gagal
24-05-2017 12:11:39pm	Tanda terima	Mahfudz Aji	Pembaharuan data tanda terima 1 gagal
24-05-2017 12:16:24pm	Tanda terima	Mahfudz Aji	Pembaharuan data tanda terima 1 gagal
24-05-2017 12:16:39pm	Tanda terima	Mahfudz Aji	Pembaharuan data tanda terima 1 gagal
24-05-2017 12:17:10pm	Tanda terima	Mahfudz Aji	Pembaharuan data tanda terima 1 gagal
24-05-2017 01:24:14pm	Tanda terima	Mahfudz Aji	Pendaftaran data tanda terima 1 berhasil
24-05-2017 04:16:06pm	Asset	Mahfudz Aji	Menghapus asset item berhasil
26-05-2017 02:07:03pm	Login	Mahfudz Aji	Login berhasil
29-05-2017 09:05:28am	Login	Mahfudz Aji	Login berhasil
29-05-2017 09:57:58am	Asset	Mahfudz Aji	Pembaharuan data asset 1 gagal
29-05-2017 10:00:47am	Asset	Mahfudz Aji	Pembaharuan data asset 1 berhasil
29-05-2017 10:11:17am	Asset	Mahfudz Aji	Pembaharuan data asset 1 berhasil
29-05-2017 10:11:27am	Asset	Mahfudz Aji	Pembaharuan data asset 1 berhasil
29-05-2017 10:19:27am	Asset	Mahfudz Aji	Menghapus asset item berhasil
29-05-2017 11:02:45am	Tanda terima	Mahfudz Aji	Pendaftaran data tanda terima berhasil
29-05-2017 11:06:49am	Tanda terima	Mahfudz Aji	Pendaftaran data tanda terima berhasil
29-05-2017 11:10:59am	Tanda terima	Mahfudz Aji	Pendaftaran data tanda terima berhasil
29-05-2017 11:15:01am	Tanda terima	Mahfudz Aji	Pendaftaran data tanda terima berhasil
29-05-2017 11:17:04am	Tanda terima	Mahfudz Aji	Pendaftaran data tanda terima berhasil
29-05-2017 12:02:27pm	Tanda terima	Mahfudz Aji	Pendaftaran data tanda terima berhasil
29-05-2017 12:41:24pm	Insert document notes	Mahfudz Aji	Mendaftarkan notes $notes berhasil
29-05-2017 02:04:20pm	Tanda terima	Mahfudz Aji	Pendaftaran data tanda terima berhasil
29-05-2017 03:53:12pm	Insert document notes	Mahfudz Aji	Mendaftarkan notes $notes berhasil
29-05-2017 03:57:22pm	Logout	Mahfudz Aji	Logout berhasil
29-05-2017 07:51:51pm	Login	Mahfudz Aji	Login berhasil
29-05-2017 07:55:46pm	Tanda terima	Mahfudz Aji	Pendaftaran data tanda terima berhasil
29-05-2017 08:08:33pm	Tanda terima	Mahfudz Aji	Maaf, terjadi kesalahan ketika mengunggah, mohon ulangi lagi
29-05-2017 08:09:51pm	Tanda terima	Mahfudz Aji	Maaf, terjadi kesalahan ketika mengunggah, mohon ulangi lagi
29-05-2017 08:10:02pm	Tanda terima	Mahfudz Aji	Maaf, terjadi kesalahan ketika mengunggah, mohon ulangi lagi
29-05-2017 08:10:32pm	Tanda terima	Mahfudz Aji	Maaf, terjadi kesalahan ketika mengunggah, mohon ulangi lagi
29-05-2017 08:15:40pm	Tanda terima	Mahfudz Aji	Pendaftaran data tanda terima berhasil
30-05-2017 01:54:05pm	Login	Mahfudz Aji	Login berhasil
31-05-2017 11:54:14am	Login	Mahfudz Aji	Login berhasil
02-06-2017 09:03:36am	Login	Mahfudz Aji	Login berhasil
03-06-2017 02:22:47pm	Login	Mahfudz Aji	Login berhasil
03-06-2017 04:45:15pm	Logout	Mahfudz Aji	Logout berhasil
03-06-2017 04:45:36pm	Login	aji	Login berhasil
03-06-2017 05:26:42pm	Login	Mahfudz Aji	Login berhasil
03-06-2017 05:27:27pm	Logout	Mahfudz Aji	Logout berhasil
03-06-2017 05:27:32pm	Login	aji	Login berhasil
03-06-2017 05:34:06pm	Logout	aji	Logout berhasil
03-06-2017 05:34:12pm	Login	Mahfudz Aji	Login berhasil
05-06-2017 10:58:19am	Login	Mahfudz Aji	Login berhasil
05-06-2017 10:58:34am	Logout	Mahfudz Aji	Logout berhasil
05-06-2017 10:58:41am	Login	aji	Login berhasil
05-06-2017 11:34:45am	Logout	aji	Logout berhasil
05-06-2017 11:34:50am	Login	Mahfudz Aji	Login berhasil
05-06-2017 11:38:25am	Login	Mahfudz Aji	Login berhasil
07-06-2017 09:49:20am	Login	Mahfudz Aji	Login berhasil
07-06-2017 09:53:34am	Asset	Mahfudz Aji	Menghapus asset item berhasil
07-06-2017 11:55:22am	Asset	Mahfudz Aji	Menghapus asset item berhasil
13-06-2017 11:54:45am	Login	Mahfudz Aji	Login berhasil
14-06-2017 09:33:46am	Login	Mahfudz Aji	Login berhasil
15-06-2017 09:55:10am	Login	Mahfudz Aji	Login berhasil
15-06-2017 02:07:24pm	Tanda terima	Mahfudz Aji	Pendaftaran data tanda terima berhasil
15-06-2017 02:16:11pm	Tanda terima	Mahfudz Aji	Pendaftaran data tanda terima berhasil
15-06-2017 02:53:06pm	Tanda terima	Mahfudz Aji	Pendaftaran data tanda terima berhasil
15-06-2017 02:54:23pm	Tanda terima	Mahfudz Aji	Pendaftaran data tanda terima berhasil
15-06-2017 02:55:21pm	Tanda terima	Mahfudz Aji	Pendaftaran data tanda terima berhasil
15-06-2017 02:56:28pm	Tanda terima	Mahfudz Aji	Pendaftaran data tanda terima berhasil
16-06-2017 09:24:05am	Login	Mahfudz Aji	Login berhasil
16-06-2017 11:40:17am	Asset	Mahfudz Aji	Menghapus asset item berhasil
16-06-2017 11:43:48am	Asset	Mahfudz Aji	Menghapus asset item berhasil
16-06-2017 11:45:25am	Asset	Mahfudz Aji	Menghapus asset item berhasil
19-06-2017 10:50:37am	Login	Mahfudz Aji	Login berhasil
19-06-2017 10:55:14am	Activity report	Mahfudz Aji	Pendaftaran data Activity report berhasil
19-06-2017 11:02:02am	Activity report	Mahfudz Aji	Pendaftaran data Activity report berhasil
19-06-2017 11:34:54am	Logout	Mahfudz Aji	Logout berhasil
19-06-2017 11:35:06am	Login	aji	Login berhasil
19-06-2017 11:51:37am	Logout	aji	Logout berhasil
19-06-2017 11:51:43am	Login	aji	Login berhasil
19-06-2017 12:00:40pm	Logout	aji	Logout berhasil
19-06-2017 12:00:47pm	Login	Mahfudz Aji	Login berhasil
19-06-2017 12:01:15pm	Activity report	Mahfudz Aji	
19-06-2017 12:01:36pm	Activity report	Mahfudz Aji	Laporan aktifitas berhasil disimpan
19-06-2017 12:02:31pm	Activity report	Mahfudz Aji	Laporan aktifitas berhasil disimpan
19-06-2017 12:03:24pm	Activity report	Mahfudz Aji	Laporan aktifitas berhasil disimpan
20-06-2017 09:21:02am	Login	Mahfudz Aji	Login berhasil
20-06-2017 01:39:47pm	Laporan aktifitas	Mahfudz Aji	Pembaharuan data returnMessage()['activityReport']['title'] 1 berhasil
20-06-2017 01:41:33pm	Laporan aktifitas	Mahfudz Aji	Pembaharuan data Laporan aktifitas 1 berhasil
20-06-2017 01:44:58pm	Insert document notes	Mahfudz Aji	Mendaftarkan notes $notes berhasil
20-06-2017 02:27:58pm	Logout	Mahfudz Aji	Logout berhasil
20-06-2017 02:28:03pm	Login	Mahfudz Aji	Login berhasil
20-06-2017 02:30:15pm	Logout	Mahfudz Aji	Logout berhasil
20-06-2017 02:30:19pm	Login	Mahfudz Aji	Login berhasil
22-06-2017 10:29:47am	Login	Mahfudz Aji	Login berhasil
22-06-2017 11:01:57am	Activity report	Mahfudz Aji	Laporan aktifitas berhasil disimpan
22-06-2017 11:11:32am	Activity report	Mahfudz Aji	Laporan aktifitas berhasil disimpan
22-06-2017 11:19:56am	Activity report	Mahfudz Aji	Laporan aktifitas berhasil disimpan
22-06-2017 03:00:33pm	Laporan aktifitas	Mahfudz Aji	Pembaharuan data Laporan aktifitas  berhasil
22-06-2017 03:26:52pm	Laporan aktifitas	Mahfudz Aji	Pembaharuan data Laporan aktifitas  gagal
22-06-2017 03:28:21pm	Laporan aktifitas	Mahfudz Aji	Pembaharuan data Laporan aktifitas  berhasil
22-06-2017 03:58:57pm	Laporan aktifitas	Mahfudz Aji	Pembaharuan data Laporan aktifitas  gagal
11-07-2017 01:29:59pm	Login	Mahfudz Aji	Login berhasil
13-07-2017 09:42:29am	Login	Mahfudz Aji	Login berhasil
13-07-2017 01:22:40pm	Logout	Mahfudz Aji	Logout berhasil
13-07-2017 01:23:21pm	Login	admin staff	Login berhasil
14-07-2017 11:17:39am	Login	Mahfudz Aji	Login berhasil
14-07-2017 03:47:54pm	Vacation form	Mahfudz Aji	Data cuti berhasil disimpan
14-07-2017 03:49:15pm	Vacation form	Mahfudz Aji	Data cuti berhasil disimpan
14-07-2017 03:52:11pm	Vacation form	Mahfudz Aji	Data cuti berhasil disimpan
14-07-2017 04:56:21pm	Vacation form	Mahfudz Aji	Data cuti berhasil disimpan
14-07-2017 05:03:06pm	Vacation form	Mahfudz Aji	Data cuti berhasil disimpan
17-07-2017 08:56:38am	Login	Mahfudz Aji	Login berhasil
17-07-2017 08:56:39am	Login	Mahfudz Aji	Login berhasil
28-07-2017 10:50:42am	Login	Mahfudz Aji	Login berhasil
31-07-2017 04:40:44pm	Login	Mahfudz Aji	Login berhasil
07-08-2017 01:51:42pm	Login	Mahfudz Aji	Login berhasil
07-08-2017 08:57:02pm	Vacation form	Mahfudz Aji	Data cuti berhasil disimpan
08-08-2017 10:01:16am	Login	Mahfudz Aji	Login berhasil
08-08-2017 03:19:30pm	Insert document notes	Mahfudz Aji	Mendaftarkan notes $notes berhasil
08-08-2017 10:02:54pm	Insert document notes	Mahfudz Aji	Mendaftarkan notes $notes berhasil
10-08-2017 05:17:16pm	Login	Mahfudz Aji	Login berhasil
10-08-2017 08:25:58pm	Login	Mahfudz Aji	Login berhasil
15-08-2017 04:21:03pm	Login	Mahfudz Aji	Login berhasil
16-08-2017 04:30:49pm	Login	Mahfudz Aji	Login berhasil
18-08-2017 02:51:51pm	Login	Mahfudz Aji	Login berhasil
18-08-2017 04:31:47pm	Vacation form	Mahfudz Aji	Data cuti berhasil disimpan
18-08-2017 04:34:57pm	Vacation form	Mahfudz Aji	Data cuti berhasil disimpan
18-08-2017 04:35:47pm	Vacation form	Mahfudz Aji	Data cuti berhasil disimpan
18-08-2017 04:36:58pm	Vacation form	Mahfudz Aji	Data cuti berhasil disimpan
19-08-2017 09:37:49am	Login	Mahfudz Aji	Login berhasil
19-08-2017 09:38:41am	Insert document notes	Mahfudz Aji	Mendaftarkan notes $notes berhasil
21-08-2017 09:36:28am	Login	Mahfudz Aji	Login berhasil
22-08-2017 03:59:43pm	Lupa password		User diberi password baru
22-08-2017 04:00:44pm	Login	Mahfudz Aji	Login berhasil
22-08-2017 04:01:37pm	Reset password	Mahfudz Aji	User berhasil reset password baru
22-08-2017 04:01:40pm	Logout	Mahfudz Aji	Logout berhasil
22-08-2017 04:01:44pm	Login	Mahfudz Aji	Login berhasil
22-08-2017 04:53:49pm	Vacation form	Mahfudz Aji	Data cuti gagal disimpan. Mohon cek dan ulangi kembali
22-08-2017 04:59:36pm	Vacation form	Mahfudz Aji	Data cuti berhasil disimpan
23-08-2017 05:00:43pm	Login	Mahfudz Aji	Login berhasil
24-08-2017 09:56:58am	Login	Mahfudz Aji	Login berhasil
24-08-2017 01:48:47pm	Login	Mahfudz Aji	Login berhasil
29-08-2017 08:20:16pm	Login	Mahfudz Aji	Login berhasil
31-08-2017 10:31:21am	Login	Mahfudz Aji	Login berhasil
31-08-2017 10:57:53am	Tanda terima	Mahfudz Aji	Pendaftaran data tanda terima berhasil
31-08-2017 11:12:31am	Upload	Mahfudz Aji	Upload file berhasil
31-08-2017 11:50:51am	Upload	Mahfudz Aji	Upload file berhasil
31-08-2017 11:51:14am	Logout	Mahfudz Aji	Logout berhasil
31-08-2017 11:51:18am	Login	Mahfudz Aji	Login berhasil
31-08-2017 01:56:54pm	Upload	Mahfudz Aji	Maaf, terjadi kesalahan ketika mengunggah, mohon ulangi lagi
31-08-2017 01:57:17pm	Upload	Mahfudz Aji	Upload file berhasil
31-08-2017 01:58:30pm	Upload	Mahfudz Aji	Upload file berhasil
31-08-2017 01:58:54pm	Upload	Mahfudz Aji	Upload file berhasil
31-08-2017 02:11:04pm	Register	Mahfudz Aji	Register berhasil
31-08-2017 02:48:47pm	Upload	Mahfudz Aji	Maaf, terjadi kesalahan ketika mengunggah, mohon ulangi lagi
31-08-2017 02:54:13pm	Upload	Mahfudz Aji	Maaf, terjadi kesalahan ketika mengunggah, mohon ulangi lagi
31-08-2017 02:54:24pm	Upload	Mahfudz Aji	Maaf, terjadi kesalahan ketika mengunggah, mohon ulangi lagi
31-08-2017 02:55:45pm	Upload	Mahfudz Aji	Maaf, terjadi kesalahan ketika mengunggah, mohon ulangi lagi
31-08-2017 02:58:37pm	Upload	Mahfudz Aji	Maaf, terjadi kesalahan ketika mengunggah, mohon ulangi lagi
31-08-2017 03:00:52pm	Upload	Mahfudz Aji	Maaf, terjadi kesalahan ketika mengunggah, mohon ulangi lagi
31-08-2017 03:57:02pm	Register	Mahfudz Aji	Register berhasil
31-08-2017 04:00:26pm	Register	Mahfudz Aji	Register berhasil
31-08-2017 04:10:20pm	Register	Mahfudz Aji	Register berhasil
31-08-2017 04:12:52pm	Register	Mahfudz Aji	Register berhasil
09-09-2017 11:24:59am	Login	Mahfudz Aji	Login berhasil
11-09-2017 03:45:27pm	Login	Mahfudz Aji	Login berhasil
11-09-2017 03:55:32pm	Vacation form	Mahfudz Aji	Data cuti berhasil disimpan
15-09-2017 10:41:42am	Login	Mahfudz Aji	Login berhasil
15-09-2017 02:14:58pm	Vacation form	Mahfudz Aji	Data cuti berhasil disimpan
20-09-2017 10:40:58am	Login	Mahfudz Aji	Login berhasil
20-09-2017 10:42:25am	Logout	Mahfudz Aji	Logout berhasil
20-09-2017 10:42:31am	Login	Mahfudz Aji	Login berhasil
20-09-2017 01:48:28pm	Logout	Mahfudz Aji	Logout berhasil
20-09-2017 01:48:33pm	Login	aji	Login berhasil
20-09-2017 01:53:50pm	Logout	aji	Logout berhasil
20-09-2017 01:53:54pm	Login	Mahfudz Aji	Login berhasil
23-09-2017 10:01:56am	Login	Mahfudz Aji	Login berhasil
23-09-2017 10:18:57am	Logout	Mahfudz Aji	Logout berhasil
23-09-2017 10:19:14am	Login	admin staff	Login berhasil
23-09-2017 01:28:03pm	Logout	admin staff	Logout berhasil
23-09-2017 01:28:08pm	Login	admin staff	Login berhasil
23-09-2017 01:28:44pm	Logout	admin staff	Logout berhasil
23-09-2017 01:28:49pm	Login	admin staff	Login berhasil
23-09-2017 01:28:58pm	Insert document notes	admin staff	Mendaftarkan notes $notes berhasil
23-09-2017 02:20:27pm	Cuti	admin staff	Approval data cuti berhasil
23-09-2017 02:21:44pm	Logout	admin staff	Logout berhasil
23-09-2017 02:21:48pm	Login	Mahfudz Aji	Login berhasil
23-09-2017 02:57:09pm	Logout	Mahfudz Aji	Logout berhasil
23-09-2017 02:57:20pm	Login	admin staff	Login berhasil
23-09-2017 02:59:17pm	Cuti	admin staff	Approval data cuti berhasil
23-09-2017 03:46:01pm	Logout	admin staff	Logout berhasil
23-09-2017 03:46:07pm	Login	admin staff	Login berhasil
23-09-2017 03:48:49pm	Insert document notes	admin staff	Mendaftarkan notes $notes berhasil
25-09-2017 02:00:17pm	Login	Mahfudz Aji	Login berhasil
25-09-2017 02:34:20pm	Logout	Mahfudz Aji	Logout berhasil
25-09-2017 02:34:39pm	Login	admin staff	Login berhasil
25-09-2017 03:33:09pm	Insert document notes	admin staff	Mendaftarkan notes $notes berhasil
26-09-2017 09:42:39am	Login	Mahfudz Aji	Login berhasil
26-09-2017 10:17:09am	Login	Mahfudz Aji	Login berhasil
27-09-2017 09:31:39am	Login	Mahfudz Aji	Login berhasil
28-09-2017 08:58:36pm	Reimburse form	Mahfudz Aji	Data reimburse gagal disimpan. Mohon cek dan ulangi kembali
28-09-2017 09:02:12pm	Reimburse form	Mahfudz Aji	Data reimburse gagal disimpan. Mohon cek dan ulangi kembali
28-09-2017 09:03:18pm	Reimburse form	Mahfudz Aji	Data reimburse berhasil disimpan
29-09-2017 11:03:18am	Login	Mahfudz Aji	Login berhasil
29-09-2017 02:04:26pm	Login	Mahfudz Aji	Login berhasil
29-09-2017 02:06:51pm	Login	Mahfudz Aji	Login berhasil
02-10-2017 01:46:05pm	Login	Mahfudz Aji	Login berhasil
02-10-2017 02:43:28pm	Reimburse form	Mahfudz Aji	Data reimburse berhasil disimpan
02-10-2017 05:01:13pm	Insert document notes	Mahfudz Aji	Mendaftarkan notes $notes berhasil
02-10-2017 08:18:47pm	Insert document notes	Mahfudz Aji	Mendaftarkan notes $notes berhasil
03-10-2017 02:07:04pm	Login	Mahfudz Aji	Login berhasil
03-10-2017 02:08:55pm	Logout	Mahfudz Aji	Logout berhasil
03-10-2017 08:13:49pm	Login	admin staff	Login berhasil
04-10-2017 09:14:00am	Login	Mahfudz Aji	Login berhasil
04-10-2017 09:44:22am	Logout	Mahfudz Aji	Logout berhasil
04-10-2017 09:44:29am	Login	admin staff	Login berhasil
04-10-2017 09:54:32am	Logout	admin staff	Logout berhasil
04-10-2017 09:54:36am	Login	Mahfudz Aji	Login berhasil
04-10-2017 01:35:03pm	Logout	Mahfudz Aji	Logout berhasil
04-10-2017 01:35:10pm	Login	admin staff	Login berhasil
04-10-2017 01:38:18pm	Logout	admin staff	Logout berhasil
04-10-2017 01:38:25pm	Login	Mahfudz Aji	Login berhasil
04-10-2017 01:39:12pm	Logout	Mahfudz Aji	Logout berhasil
04-10-2017 01:39:22pm	Login	admin staff	Login berhasil
04-10-2017 01:52:46pm	Logout	admin staff	Logout berhasil
04-10-2017 01:52:50pm	Login	Mahfudz Aji	Login berhasil
04-10-2017 01:53:00pm	Logout	Mahfudz Aji	Logout berhasil
04-10-2017 01:53:05pm	Login	admin staff	Login berhasil
04-10-2017 01:54:03pm	Logout	admin staff	Logout berhasil
04-10-2017 01:54:09pm	Login	Mahfudz Aji	Login berhasil
04-10-2017 01:55:16pm	Logout	Mahfudz Aji	Logout berhasil
04-10-2017 01:55:20pm	Login	Mahfudz Aji	Login berhasil
04-10-2017 02:12:53pm	Reimburse form	Mahfudz Aji	Pembaharuan data reimburse gagal disimpan. Mohon ulangi lagi.
04-10-2017 02:13:11pm	Reimburse form	Mahfudz Aji	Pembaharuan data reimburse gagal disimpan. Mohon ulangi lagi.
04-10-2017 02:16:26pm	Reimburse form	Mahfudz Aji	Pembaharuan data reimburse gagal disimpan. Mohon ulangi lagi.
04-10-2017 02:29:23pm	Reimburse form	Mahfudz Aji	Pembaharuan data reimburse gagal disimpan. Mohon ulangi lagi.
04-10-2017 02:30:48pm	Reimburse form	Mahfudz Aji	Pembaharuan data reimburse gagal disimpan. Mohon ulangi lagi.
04-10-2017 02:32:40pm	Reimburse form	Mahfudz Aji	Pembaharuan data reimburse gagal disimpan. Mohon ulangi lagi.
04-10-2017 02:48:44pm	Reimburse form	Mahfudz Aji	Pembaharuan data reimburse gagal disimpan. Mohon ulangi lagi.
04-10-2017 02:50:32pm	Logout	Mahfudz Aji	Logout berhasil
04-10-2017 02:50:41pm	Login	admin staff	Login berhasil
04-10-2017 02:50:56pm	Logout	admin staff	Logout berhasil
04-10-2017 02:51:04pm	Login	Mahfudz Aji	Login berhasil
04-10-2017 02:51:42pm	Reimburse form	Mahfudz Aji	Pembaharuan data reimburse gagal disimpan. Mohon ulangi lagi.
04-10-2017 03:21:22pm	Reimburse form	Mahfudz Aji	Pembaharuan data reimburse berhasil disimpan
04-10-2017 03:21:31pm	Reimburse form	Mahfudz Aji	Pembaharuan data reimburse berhasil disimpan
04-10-2017 03:21:49pm	Reimburse form	Mahfudz Aji	Pembaharuan data reimburse berhasil disimpan
04-10-2017 03:32:40pm	Reimburse form	Mahfudz Aji	Pembaharuan data reimburse berhasil disimpan
04-10-2017 05:00:28pm	Logout	Mahfudz Aji	Logout berhasil
04-10-2017 05:00:32pm	Login	Mahfudz Aji	Login berhasil
04-10-2017 05:02:46pm	Reimburse	Mahfudz Aji	Removal data reimburse item berhasil
05-10-2017 01:53:15pm	Login	Mahfudz Aji	Login berhasil
05-10-2017 01:58:09pm	Reimburse	Mahfudz Aji	Removal data reimburse item berhasil
05-10-2017 02:00:08pm	Reimburse	Mahfudz Aji	Removal data reimburse item berhasil
05-10-2017 02:05:46pm	Reimburse form	Mahfudz Aji	Data reimburse berhasil disimpan
05-10-2017 02:06:06pm	Reimburse	Mahfudz Aji	Removal data reimburse item berhasil
05-10-2017 02:07:51pm	Reimburse	Mahfudz Aji	Removal data reimburse item berhasil
05-10-2017 02:07:56pm	Reimburse	Mahfudz Aji	Removal data reimburse item berhasil
05-10-2017 02:07:59pm	Reimburse	Mahfudz Aji	Removal data reimburse item berhasil
05-10-2017 02:11:44pm	Reimburse form	Mahfudz Aji	Data reimburse berhasil disimpan
05-10-2017 02:13:08pm	Logout	Mahfudz Aji	Logout berhasil
05-10-2017 02:13:13pm	Login	admin staff	Login berhasil
05-10-2017 02:18:10pm	Logout	admin staff	Logout berhasil
05-10-2017 02:18:17pm	Login	admin staff	Login berhasil
05-10-2017 02:21:59pm	Logout	admin staff	Logout berhasil
05-10-2017 02:23:06pm	Login	admin staff	Login berhasil
05-10-2017 02:28:49pm	Cuti	admin staff	Approval data cuti berhasil
05-10-2017 02:28:59pm	Cuti	admin staff	Approval data cuti berhasil
05-10-2017 02:30:50pm	Reimburse	admin staff	Approval data Reimburse berhasil
05-10-2017 02:31:18pm	Reimburse	admin staff	Approval data Reimburse gagal
05-10-2017 02:31:24pm	Reimburse	admin staff	Approval data Reimburse gagal
05-10-2017 03:03:46pm	Reimburse	admin staff	Approval data Reimburse berhasil
05-10-2017 03:38:53pm	Reimburse	admin staff	Approval data Reimburse berhasil
05-10-2017 03:39:00pm	Reimburse	admin staff	Approval data Reimburse berhasil
05-10-2017 03:39:11pm	Logout	admin staff	Logout berhasil
05-10-2017 03:39:15pm	Login	Mahfudz Aji	Login berhasil
05-10-2017 03:42:02pm	Insert document notes	Mahfudz Aji	Mendaftarkan notes $notes berhasil
05-10-2017 09:10:00pm	Reimburse form	Mahfudz Aji	Data reimburse berhasil disimpan
06-10-2017 01:39:22pm	Login	Mahfudz Aji	Login berhasil
06-10-2017 01:46:36pm	Logout	Mahfudz Aji	Logout berhasil
06-10-2017 02:30:22pm	Login	Mahfudz Aji	Login berhasil
06-10-2017 02:30:23pm	Logout	Mahfudz Aji	Logout berhasil
06-10-2017 04:19:16pm	Login	Mahfudz Aji	Login berhasil
06-10-2017 04:21:51pm	Logout	Mahfudz Aji	Logout berhasil
06-10-2017 04:23:30pm	Login	Mahfudz Aji	Login berhasil
10-10-2017 10:44:00am	Login	Mahfudz Aji	Login berhasil
11-10-2017 04:31:31pm	Login	Mahfudz Aji	Login berhasil
11-10-2017 04:32:11pm	PO form	Mahfudz Aji	Data purchase order berhasil disimpan
12-10-2017 02:13:32pm	Login	Mahfudz Aji	Login berhasil
13-10-2017 09:38:18am	Login	Mahfudz Aji	Login berhasil
16-10-2017 02:17:59pm	Login	Mahfudz Aji	Login berhasil
16-10-2017 03:28:37pm	Login	Mahfudz Aji	Login berhasil
17-10-2017 10:38:43am	Login	Mahfudz Aji	Login berhasil
18-10-2017 11:02:33am	Login	Mahfudz Aji	Login berhasil
18-10-2017 11:24:39am	Insert document notes	Mahfudz Aji	Mendaftarkan notes $notes berhasil
18-10-2017 05:09:06pm	PO form	Mahfudz Aji	
18-10-2017 05:14:24pm	PO form	Mahfudz Aji	
18-10-2017 05:15:54pm	PO form	Mahfudz Aji	Memperbaharui data purchase order berhasil.
18-10-2017 05:16:19pm	PO form	Mahfudz Aji	Memperbaharui data purchase order berhasil.
18-10-2017 08:13:07pm	Logout	Mahfudz Aji	Logout berhasil
18-10-2017 08:13:28pm	Login	Mahfudz Aji	Login berhasil
19-10-2017 02:09:38pm	Logout	Mahfudz Aji	Logout berhasil
19-10-2017 02:17:35pm	Login	Mahfudz Aji	Login berhasil
19-10-2017 02:18:44pm	Logout	Mahfudz Aji	Logout berhasil
19-10-2017 02:18:59pm	Login	Mahfudz Aji	Login berhasil
19-10-2017 03:51:47pm	PO form	Mahfudz Aji	Data purchase order berhasil disimpan
19-10-2017 03:54:15pm	PO form	Mahfudz Aji	Memperbaharui data purchase order berhasil.
19-10-2017 03:54:22pm	PO	Mahfudz Aji	Removal data PO item berhasil
19-10-2017 04:35:27pm	Login	Mahfudz Aji	Login berhasil
20-10-2017 02:33:47pm	Logout	Mahfudz Aji	Logout berhasil
20-10-2017 02:33:54pm	Login	admin staff	Login berhasil
20-10-2017 02:37:28pm	Logout	admin staff	Logout berhasil
20-10-2017 02:37:35pm	Login	Mahfudz Aji	Login berhasil
23-10-2017 01:29:30pm	Login	Mahfudz Aji	Login berhasil
23-10-2017 04:26:26pm	Logout	Mahfudz Aji	Logout berhasil
23-10-2017 04:26:31pm	Login	Mahfudz Aji	Login berhasil
23-10-2017 04:26:35pm	Logout	Mahfudz Aji	Logout berhasil
23-10-2017 04:26:40pm	Login	admin staff	Login berhasil
25-10-2017 10:17:03am	Login	Mahfudz Aji	Login berhasil
26-10-2017 04:26:14pm	Login	Mahfudz Aji	Login berhasil
27-10-2017 02:26:57pm	Login	Mahfudz Aji	Login berhasil
01-11-2017 02:03:38pm	Login	Mahfudz Aji	Login berhasil
01-11-2017 03:45:48pm	Logout	Mahfudz Aji	Logout berhasil
01-11-2017 03:46:08pm	Login	Mahfudz Aji	Login berhasil
01-11-2017 03:51:42pm	Insert product	Mahfudz Aji	Mendaftarkan product berhasil
01-11-2017 08:55:27pm	Insert Category	Mahfudz Aji	Mendaftarkan Category berhasil
01-11-2017 09:21:29pm	Register	Mahfudz Aji	Register berhasil
01-11-2017 09:24:14pm	Register	Mahfudz Aji	Register berhasil
01-11-2017 09:45:39pm	Upload	Mahfudz Aji	Maaf, terjadi kesalahan ketika mengunggah, mohon ulangi lagi
01-11-2017 10:04:15pm	Insert product	Mahfudz Aji	Mendaftarkan product berhasil
01-11-2017 10:05:56pm	Insert product	Mahfudz Aji	Mendaftarkan product berhasil
02-11-2017 09:01:01am	Login	Mahfudz Aji	Login berhasil
08-11-2017 10:14:26am	Login	Mahfudz Aji	Login berhasil
09-11-2017 10:16:54am	Login	Mahfudz Aji	Login berhasil
10-11-2017 10:47:21am	Login	Mahfudz Aji	Login berhasil
10-11-2017 11:22:56am	Insert product	Mahfudz Aji	Mendaftarkan product berhasil
10-11-2017 04:58:21pm	Login	Mahfudz Aji	Login berhasil
10-11-2017 04:58:29pm	Logout	Mahfudz Aji	Logout berhasil
13-11-2017 01:53:14pm	Login	Mahfudz Aji	Login berhasil
13-11-2017 04:41:28pm	PO form	Mahfudz Aji	Data purchase order gagal disimpan. Mohon cek dan ulangi kembali
13-11-2017 04:43:03pm	PO form	Mahfudz Aji	Data purchase order gagal disimpan. Mohon cek dan ulangi kembali
13-11-2017 05:16:06pm	Insert Category	Mahfudz Aji	Mendaftarkan Category berhasil
13-11-2017 05:29:24pm	PO form	Mahfudz Aji	Data purchase order gagal disimpan. Mohon cek dan ulangi kembali
13-11-2017 05:33:01pm	PO form	Mahfudz Aji	Data purchase order gagal disimpan. Mohon cek dan ulangi kembali
13-11-2017 05:35:49pm	PO form	Mahfudz Aji	Data purchase order gagal disimpan. Mohon cek dan ulangi kembali
13-11-2017 06:24:29pm	PO form	Mahfudz Aji	Data purchase order gagal disimpan. Mohon cek dan ulangi kembali
13-11-2017 06:25:16pm	PO form	Mahfudz Aji	Data purchase order berhasil disimpan
13-11-2017 10:47:59pm	PO form	Mahfudz Aji	Data purchase order berhasil disimpan
14-11-2017 09:40:02am	Login	Mahfudz Aji	Login berhasil
14-11-2017 09:47:21am	Logout	Mahfudz Aji	Logout berhasil
14-11-2017 09:49:22am	Login	Mahfudz Aji	Login berhasil
15-11-2017 09:24:13pm	Login	Mahfudz Aji	Login berhasil
15-11-2017 10:21:16pm	PO form	Mahfudz Aji	Data purchase order berhasil disimpan
15-11-2017 10:30:58pm	PO form	Mahfudz Aji	Data purchase order berhasil disimpan
16-11-2017 09:46:03am	Login	Mahfudz Aji	Login berhasil
16-11-2017 01:27:57pm	Quotation form	Mahfudz Aji	Data Quotation  gagal disimpan. Mohon cek dan ulangi kembali
16-11-2017 01:31:53pm	Quotation form	Mahfudz Aji	Data Quotation  berhasil disimpan
16-11-2017 08:39:21pm	Login	Mahfudz Aji	Login berhasil
17-11-2017 04:12:13pm	PO form	Mahfudz Aji	Data purchase order berhasil disimpan
20-11-2017 09:57:55am	Login	Mahfudz Aji	Login berhasil
20-11-2017 11:16:12am	Logout	Mahfudz Aji	Logout berhasil
20-11-2017 11:16:18am	Login	admin staff	Login berhasil
20-11-2017 11:41:09am	Logout	admin staff	Logout berhasil
20-11-2017 11:41:14am	Login	Mahfudz Aji	Login berhasil
20-11-2017 04:26:50pm	PO form	Mahfudz Aji	Data purchase order berhasil disimpan
21-11-2017 10:04:00am	Login	Mahfudz Aji	Login berhasil
21-11-2017 11:24:30am	Logout	Mahfudz Aji	Logout berhasil
21-11-2017 11:24:38am	Login	Mahfudz Aji	Login berhasil
21-11-2017 11:12:33pm	Quotation form	Mahfudz Aji	Data Quotation  berhasil disimpan
21-11-2017 11:13:57pm	Quotation form	Mahfudz Aji	Data Quotation  berhasil disimpan
21-11-2017 11:15:11pm	Quotation form	Mahfudz Aji	Data Quotation  berhasil disimpan
22-11-2017 10:07:10am	Login	Mahfudz Aji	Login berhasil
22-11-2017 04:35:47pm	PO form	Mahfudz Aji	Data purchase order gagal disimpan. Mohon cek dan ulangi kembali
22-11-2017 04:40:18pm	QUO form	Mahfudz Aji	Data Quotation  berhasil disimpan
22-11-2017 04:40:29pm	Insert document notes	Mahfudz Aji	Mendaftarkan notes $notes berhasil
22-11-2017 08:42:21pm	QUO form	Mahfudz Aji	Memperbaharui data Quotation  berhasil.
22-11-2017 08:42:37pm	QUO form	Mahfudz Aji	Memperbaharui data Quotation  berhasil.
24-11-2017 01:59:07pm	Login	Mahfudz Aji	Login berhasil
24-11-2017 02:11:25pm	Partner	Mahfudz Aji	Pendaftaran partner berhasil
24-11-2017 02:35:02pm	Login	Mahfudz Aji	Login berhasil
24-11-2017 02:38:38pm	Insert product	Mahfudz Aji	Mendaftarkan product berhasil
24-11-2017 02:48:00pm	Insert product	Mahfudz Aji	Mendaftarkan product berhasil
24-11-2017 03:40:12pm	Quotation form	Mahfudz Aji	Data Quotation  berhasil disimpan
27-11-2017 02:01:16pm	Login	Mahfudz Aji	Login berhasil
27-11-2017 02:32:55pm	Quotation form	Mahfudz Aji	Data Quotation  berhasil disimpan
27-11-2017 02:53:04pm	QUO form	Mahfudz Aji	Data Quotation  berhasil disimpan
27-11-2017 02:53:20pm	Insert document notes	Mahfudz Aji	Mendaftarkan notes $notes berhasil
27-11-2017 04:33:32pm	QUO form	Mahfudz Aji	Memperbaharui data Quotation  berhasil.
29-11-2017 09:41:10am	Login	Mahfudz Aji	Login berhasil
29-11-2017 10:31:34am	QUO form	Mahfudz Aji	Memperbaharui data Quotation  berhasil.
29-11-2017 10:36:47am	QUO form	Mahfudz Aji	Memperbaharui data Quotation  berhasil.
29-11-2017 10:46:48am	QUO form	Mahfudz Aji	Memperbaharui data Quotation  berhasil.
29-11-2017 10:47:28am	QUO form	Mahfudz Aji	Memperbaharui data Quotation  berhasil.
29-11-2017 10:49:20am	QUO form	Mahfudz Aji	Memperbaharui data Quotation  berhasil.
29-11-2017 10:51:41am	QUO form	Mahfudz Aji	Memperbaharui data Quotation  berhasil.
29-11-2017 10:52:10am	QUO form	Mahfudz Aji	Memperbaharui data Quotation  berhasil.
29-11-2017 11:11:58am	Vacation form	Mahfudz Aji	Pembaharuan data cuti berhasil disimpan
29-11-2017 11:19:25am	QUO form	Mahfudz Aji	Memperbaharui data Quotation  berhasil.
29-11-2017 11:26:58am	QUO form	Mahfudz Aji	Memperbaharui data Quotation  berhasil.
29-11-2017 04:21:10pm	Quotation form	Mahfudz Aji	Data Quotation  berhasil disimpan
30-11-2017 10:18:08am	Login	Mahfudz Aji	Login berhasil
30-11-2017 04:57:14pm	QUO form	Mahfudz Aji	Memperbaharui data Quotation  berhasil.
30-11-2017 04:57:31pm	QUO form	Mahfudz Aji	Memperbaharui data Quotation  berhasil.
01-12-2017 09:45:07pm	Login	Mahfudz Aji	Login berhasil
04-12-2017 10:04:16am	Login	Mahfudz Aji	Login berhasil
04-12-2017 10:05:34am	Quotation form	Mahfudz Aji	Data Quotation  berhasil disimpan
04-12-2017 10:44:42am	Logout	Mahfudz Aji	Logout berhasil
04-12-2017 10:44:50am	Login	Mahfudz Aji	Login berhasil
04-12-2017 11:03:31am	QUO form	Mahfudz Aji	Data Quotation  berhasil disimpan
04-12-2017 05:13:14pm	QUO form	Mahfudz Aji	Data Quotation  berhasil disimpan
04-12-2017 05:19:34pm	QUO form	Mahfudz Aji	Data Quotation  berhasil disimpan
04-12-2017 05:21:00pm	QUO form	Mahfudz Aji	Data Quotation  berhasil disimpan
05-12-2017 10:03:04am	Login	Mahfudz Aji	Login berhasil
05-12-2017 10:14:10am	Login	admin staff	Login berhasil
05-12-2017 10:21:21am	Logout	admin staff	Logout berhasil
05-12-2017 10:21:41am	Login	Mahfudz Aji	Login berhasil
05-12-2017 10:22:44am	Insert product	Mahfudz Aji	Mendaftarkan product berhasil
05-12-2017 10:38:15am	Partner	Mahfudz Aji	Pendaftaran partner gagal
05-12-2017 10:39:41am	Partner	Mahfudz Aji	Pendaftaran partner gagal
05-12-2017 10:41:12am	Partner	Mahfudz Aji	Pendaftaran partner gagal
05-12-2017 10:44:03am	Partner	Mahfudz Aji	Pendaftaran partner berhasil
05-12-2017 10:47:44am	Quotation form	Mahfudz Aji	Data Quotation  berhasil disimpan
05-12-2017 05:27:19pm	Logout	Mahfudz Aji	Logout berhasil
05-12-2017 05:27:27pm	Login	Mahfudz Aji	Login berhasil
06-12-2017 04:26:12pm	Login	Mahfudz Aji	Login berhasil
07-12-2017 10:02:41am	Login	Mahfudz Aji	Login berhasil
07-12-2017 10:10:22am	PO form	Mahfudz Aji	Data purchase order berhasil disimpan
08-12-2017 10:49:09am	Login	Mahfudz Aji	Login berhasil
08-12-2017 05:12:18pm	PO form	Mahfudz Aji	Data purchase order gagal disimpan. Mohon cek dan ulangi kembali
08-12-2017 05:23:17pm	PO form	Mahfudz Aji	Data purchase order berhasil disimpan
11-12-2017 09:50:26am	Login	Mahfudz Aji	Login berhasil
11-12-2017 10:31:29am	PO form	Mahfudz Aji	Memperbaharui data purchase order berhasil.
11-12-2017 10:33:50am	PO form	Mahfudz Aji	Memperbaharui data purchase order berhasil.
11-12-2017 11:19:05am	PO	Mahfudz Aji	Removal data PO item berhasil
11-12-2017 11:19:28am	PO form	Mahfudz Aji	Data purchase order berhasil disimpan
11-12-2017 11:32:58am	Quotation form	Mahfudz Aji	Data Quotation  berhasil disimpan
11-12-2017 11:36:58am	PO form	Mahfudz Aji	Data purchase order berhasil disimpan
11-12-2017 03:01:35pm	PO form	Mahfudz Aji	Data purchase order berhasil disimpan
12-12-2017 09:39:05am	Login	Mahfudz Aji	Login berhasil
12-12-2017 01:35:26pm	Logout	Mahfudz Aji	Logout berhasil
12-12-2017 01:35:36pm	Login	Mahfudz Aji	Login berhasil
12-12-2017 02:49:52pm	Login	Mahfudz Aji	Login berhasil
12-12-2017 02:50:52pm	Quotation form	Mahfudz Aji	Data Quotation  berhasil disimpan
12-12-2017 02:58:10pm	Quotation form	Mahfudz Aji	Data Quotation  berhasil disimpan
12-12-2017 02:58:47pm	Insert document notes	Mahfudz Aji	Mendaftarkan notes $notes berhasil
12-12-2017 03:01:13pm	QUO form	Mahfudz Aji	Memperbaharui data Quotation  berhasil.
12-12-2017 04:31:47pm	Logout	Mahfudz Aji	Logout berhasil
12-12-2017 04:31:53pm	Login	Mahfudz Aji	Login berhasil
12-12-2017 04:33:41pm	QUO	Mahfudz Aji	Removal data quo item berhasil
12-12-2017 04:58:38pm	QUO	Mahfudz Aji	Removal data quo item berhasil
12-12-2017 05:02:35pm	QUO form	Mahfudz Aji	Memperbaharui data Quotation  berhasil.
12-12-2017 09:42:27pm	QUO form	Mahfudz Aji	Memperbaharui data Quotation  berhasil.
13-12-2017 04:07:05pm	Login	Mahfudz Aji	Login berhasil
13-12-2017 04:08:15pm	QUO	Mahfudz Aji	Removal data quo item berhasil
13-12-2017 04:14:32pm	Logout	Mahfudz Aji	Logout berhasil
13-12-2017 04:14:40pm	Login	admin staff	Login berhasil
13-12-2017 04:51:54pm	QUO form	admin staff	Maaf, memperbaharui data  Quotation gagal.
13-12-2017 04:53:36pm	QUO form	admin staff	Memperbaharui data Quotation  berhasil.
13-12-2017 05:02:05pm	QUO form	admin staff	Memperbaharui data Quotation  berhasil.
13-12-2017 05:03:22pm	QUO form	admin staff	Memperbaharui data Quotation  berhasil.
13-12-2017 05:03:26pm	QUO form	admin staff	Memperbaharui data Quotation  berhasil.
13-12-2017 05:03:30pm	QUO form	admin staff	Memperbaharui data Quotation  berhasil.
13-12-2017 05:06:10pm	QUO form	admin staff	Memperbaharui data Quotation  berhasil.
13-12-2017 05:07:15pm	Logout	admin staff	Logout berhasil
13-12-2017 05:07:21pm	Login	Mahfudz Aji	Login berhasil
13-12-2017 05:24:08pm	Logout	Mahfudz Aji	Logout berhasil
13-12-2017 05:24:12pm	Login	admin staff	Login berhasil
13-12-2017 05:24:20pm	QUO form	admin staff	Memperbaharui data Quotation  berhasil.
13-12-2017 05:24:28pm	Logout	admin staff	Logout berhasil
13-12-2017 05:24:32pm	Login	Mahfudz Aji	Login berhasil
14-12-2017 10:05:25am	Login	Mahfudz Aji	Login berhasil
14-12-2017 10:25:24am	Logout	Mahfudz Aji	Logout berhasil
14-12-2017 10:25:28am	Login	admin staff	Login berhasil
14-12-2017 10:25:41am	QUO form	admin staff	Memperbaharui data Quotation  berhasil.
14-12-2017 10:25:45am	Logout	admin staff	Logout berhasil
14-12-2017 10:25:50am	Login	Mahfudz Aji	Login berhasil
14-12-2017 10:26:02am	Logout	Mahfudz Aji	Logout berhasil
14-12-2017 10:26:14am	Login	admin staff	Login berhasil
14-12-2017 10:32:46am	QUO form	admin staff	Memperbaharui data Quotation  berhasil.
14-12-2017 10:32:54am	Logout	admin staff	Logout berhasil
14-12-2017 10:32:59am	Login	Mahfudz Aji	Login berhasil
14-12-2017 10:38:48am	QUO form	Mahfudz Aji	Memperbaharui data Quotation  berhasil.
14-12-2017 10:40:11am	Logout	Mahfudz Aji	Logout berhasil
14-12-2017 10:40:17am	Login	Mahfudz Aji	Login berhasil
14-12-2017 10:40:25am	Logout	Mahfudz Aji	Logout berhasil
14-12-2017 10:40:30am	Login	admin staff	Login berhasil
14-12-2017 10:40:37am	QUO form	admin staff	Memperbaharui data Quotation  berhasil.
14-12-2017 10:40:40am	Logout	admin staff	Logout berhasil
14-12-2017 10:40:46am	Login	Mahfudz Aji	Login berhasil
14-12-2017 10:40:58am	Logout	Mahfudz Aji	Logout berhasil
14-12-2017 10:41:07am	Login	admin staff	Login berhasil
14-12-2017 10:41:15am	QUO form	admin staff	Memperbaharui data Quotation  berhasil.
14-12-2017 10:41:25am	Logout	admin staff	Logout berhasil
14-12-2017 10:41:30am	Login	Mahfudz Aji	Login berhasil
14-12-2017 11:41:07am	QUO form	Mahfudz Aji	Data Quotation  berhasil disimpan
14-12-2017 01:52:20pm	Logout	Mahfudz Aji	Logout berhasil
14-12-2017 01:52:27pm	Login	admin staff	Login berhasil
14-12-2017 02:01:15pm	Logout	admin staff	Logout berhasil
14-12-2017 02:01:20pm	Login	Mahfudz Aji	Login berhasil
15-12-2017 05:07:15pm	Login	Mahfudz Aji	Login berhasil
19-12-2017 04:40:00pm	Login	Mahfudz Aji	Login berhasil
19-12-2017 05:32:08pm	Login	Mahfudz Aji	Login berhasil
20-12-2017 11:20:52am	Login	Mahfudz Aji	Login berhasil
21-12-2017 10:55:33am	Login	Mahfudz Aji	Login berhasil
21-12-2017 11:15:12am	DO form	Mahfudz Aji	Data delivery order berhasil disimpan
23-12-2017 01:55:59pm	Login	Mahfudz Aji	Login berhasil
28-12-2017 02:07:36pm	Login	Mahfudz Aji	Login berhasil
02-01-2018 10:51:32am	Login	Mahfudz Aji	Login berhasil
03-01-2018 02:19:04pm	Login	Mahfudz Aji	Login berhasil
04-01-2018 02:24:02pm	Login	Mahfudz Aji	Login berhasil
04-01-2018 04:34:55pm	Logout	Mahfudz Aji	Logout berhasil
04-01-2018 04:35:00pm	Login	admin staff	Login berhasil
04-01-2018 04:38:06pm	Logout	admin staff	Logout berhasil
04-01-2018 04:38:11pm	Login	admin staff	Login berhasil
04-01-2018 04:41:33pm	DO form	admin staff	Memperbaharui data delivery order berhasil.
04-01-2018 04:42:42pm	DO form	admin staff	Memperbaharui data delivery order berhasil.
04-01-2018 04:44:26pm	DO form	admin staff	Memperbaharui data delivery order berhasil.
04-01-2018 04:46:41pm	DO form	admin staff	Memperbaharui data delivery order berhasil.
04-01-2018 04:49:35pm	DO form	admin staff	Memperbaharui data delivery order berhasil.
04-01-2018 04:53:19pm	DO form	admin staff	Memperbaharui data delivery order berhasil.
04-01-2018 04:53:52pm	DO form	admin staff	Memperbaharui data delivery order berhasil.
04-01-2018 04:54:42pm	DO form	admin staff	Memperbaharui data delivery order berhasil.
04-01-2018 04:56:34pm	DO form	admin staff	Memperbaharui data delivery order berhasil.
04-01-2018 05:00:46pm	DO form	admin staff	Memperbaharui data delivery order berhasil.
04-01-2018 05:15:44pm	Logout	admin staff	Logout berhasil
04-01-2018 05:15:49pm	Login	Mahfudz Aji	Login berhasil
05-01-2018 01:44:30pm	Login	Mahfudz Aji	Login berhasil
09-01-2018 01:03:02pm	Login	Mahfudz Aji	Login berhasil
10-01-2018 10:39:48am	Login	Mahfudz Aji	Login berhasil
11-01-2018 02:57:41pm	Login	Mahfudz Aji	Login berhasil
12-01-2018 10:09:37am	Login	Mahfudz Aji	Login berhasil
16-01-2018 11:18:54am	Login	Mahfudz Aji	Login berhasil
18-01-2018 01:39:42pm	Logout	Mahfudz Aji	Logout berhasil
18-01-2018 01:39:52pm	Login	Mahfudz Aji	Login berhasil
18-01-2018 02:41:09pm	DO form	Mahfudz Aji	Data delivery order gagal disimpan. Mohon cek dan ulangi kembali
18-01-2018 02:50:23pm	DO form	Mahfudz Aji	Data delivery order berhasil disimpan
19-01-2018 09:48:23am	Login	Mahfudz Aji	Login berhasil
19-01-2018 10:03:25am	DO form	Mahfudz Aji	Maaf, memperbaharui data delivery order gagal.
22-01-2018 02:31:50pm	Logout	Mahfudz Aji	Logout berhasil
22-01-2018 02:31:57pm	Login	Mahfudz Aji	Login berhasil
01-02-2018 11:08:00am	Login	Mahfudz Aji	Login berhasil
01-02-2018 03:19:15pm	Login	Mahfudz Aji	Login berhasil
05-02-2018 04:39:31pm	Login	Mahfudz Aji	Login berhasil
05-02-2018 10:12:07pm	Logout	Mahfudz Aji	Logout berhasil
05-02-2018 10:12:26pm	Login	Mahfudz Aji	Login berhasil
06-02-2018 09:41:45am	Login	Mahfudz Aji	Login berhasil
06-02-2018 11:02:00am	Stock	Mahfudz Aji	Data stock  berhasil disimpan
06-02-2018 11:37:00am	Stock	Mahfudz Aji	Data stock  berhasil disimpan
06-02-2018 04:44:53pm	Stock	Mahfudz Aji	Memperbaharui data stock  berhasil.
06-02-2018 04:51:45pm	Stock	Mahfudz Aji	Memperbaharui data stock  berhasil.
06-02-2018 05:21:26pm	Stock	Mahfudz Aji	Memperbaharui data stock  berhasil.
06-02-2018 05:29:58pm	Stock	Mahfudz Aji	Memperbaharui data stock  berhasil.
07-02-2018 11:22:04am	Login	Mahfudz Aji	Login berhasil
07-02-2018 01:49:26pm	Stock	Mahfudz Aji	Memperbaharui data stock  berhasil.
07-02-2018 02:27:20pm	Tanda terima	Mahfudz Aji	Pendaftaran data tanda terima berhasil
07-02-2018 02:46:19pm	Stock	Mahfudz Aji	Menghapus stock item berhasil
07-02-2018 02:56:30pm	Logout	Mahfudz Aji	Logout berhasil
07-02-2018 02:56:36pm	Login	admin staff	Login berhasil
07-02-2018 03:00:08pm	Logout	admin staff	Logout berhasil
07-02-2018 03:00:15pm	Login	Mahfudz Aji	Login berhasil
08-02-2018 09:54:02am	Login	Mahfudz Aji	Login berhasil
08-02-2018 09:59:01am	Logout	Mahfudz Aji	Logout berhasil
08-02-2018 09:59:09am	Login	Mahfudz Aji	Login berhasil
08-02-2018 11:19:12am	Logout	Mahfudz Aji	Logout berhasil
08-02-2018 11:19:17am	Login	admin staff	Login berhasil
09-02-2018 03:01:01pm	Login	Mahfudz Aji	Login berhasil
09-02-2018 03:14:01pm	Logout	Mahfudz Aji	Logout berhasil
09-02-2018 03:14:12pm	Login	Mahfudz Aji	Login berhasil
12-02-2018 09:55:53am	Login	Mahfudz Aji	Login berhasil
12-02-2018 11:39:19am	Logout	Mahfudz Aji	Logout berhasil
12-02-2018 11:40:12am	Login	Mahfudz Aji	Login berhasil
12-02-2018 11:56:03am	Register	Mahfudz Aji	Register berhasil
12-02-2018 11:58:42am	Register	Mahfudz Aji	Register berhasil
12-02-2018 12:04:32pm	Register	Mahfudz Aji	Register berhasil
12-02-2018 12:06:28pm	Register	Mahfudz Aji	Register berhasil
12-02-2018 02:49:18pm	Konfirmasi	Mahfudz Aji	Konfirmasi gagal
12-02-2018 02:53:40pm	Konfirmasi	Mahfudz Aji	Konfirmasi gagal
12-02-2018 02:54:08pm	Konfirmasi	Mahfudz Aji	Konfirmasi gagal
12-02-2018 02:56:18pm	Konfirmasi pengguna	Mahfudz Aji	Konfirmasi pengguna berhasil
12-02-2018 04:07:07pm	Vacation form	Mahfudz Aji	Data cuti berhasil disimpan
13-02-2018 10:08:33am	Logout	Mahfudz Aji	Logout berhasil
13-02-2018 10:29:53am	Login	Mahfudz Aji	Login berhasil
13-02-2018 10:29:56am	Logout	Mahfudz Aji	Logout berhasil
13-02-2018 10:30:22am	Login	Mahfudz Aji	Login berhasil
13-02-2018 10:47:29am	Logout	Mahfudz Aji	Logout berhasil
13-02-2018 10:47:45am	Login	Mahfudz Aji	Login berhasil
13-02-2018 10:47:50am	Logout	Mahfudz Aji	Logout berhasil
13-02-2018 10:48:59am	Lupa password		User diberi password baru
13-02-2018 10:50:57am	Login	hello	Login berhasil
13-02-2018 11:01:13am	Logout	hello	Logout berhasil
13-02-2018 11:01:20am	Login	Mahfudz Aji	Login berhasil
13-02-2018 04:11:38pm	Logout	Mahfudz Aji	Logout berhasil
13-02-2018 05:20:45pm	Login	Mahfudz Aji	Login berhasil
14-02-2018 10:10:08am	Login	Mahfudz Aji	Login berhasil
14-02-2018 11:40:20am	Login	Mahfudz Aji	Login berhasil
23-02-2018 02:24:13pm	Logout	aji	Logout berhasil
23-02-2018 02:24:23pm	Login	Mahfudz Aji	Login berhasil
23-02-2018 02:32:34pm	PO form	Mahfudz Aji	Data purchase order berhasil disimpan
23-02-2018 03:05:22pm	PO form	aji	Data purchase order berhasil disimpan
23-02-2018 03:10:26pm	DO form	aji	Data delivery order berhasil disimpan
23-02-2018 03:14:31pm	Logout	aji	Logout berhasil
23-02-2018 03:14:48pm	Login	Mahfudz Aji	Login berhasil
23-02-2018 03:20:45pm	Insert Category	Mahfudz Aji	Mendaftarkan Category berhasil
23-02-2018 03:21:08pm	Insert product	Mahfudz Aji	Mendaftarkan product berhasil
23-02-2018 03:21:40pm	Insert product	Mahfudz Aji	Mendaftarkan product berhasil
23-02-2018 03:24:27pm	PO form	Mahfudz Aji	Data purchase order berhasil disimpan
23-02-2018 03:25:04pm	PO form	Mahfudz Aji	Memperbaharui data purchase order berhasil.
23-02-2018 03:27:38pm	Logout	Mahfudz Aji	Logout berhasil
23-02-2018 03:27:45pm	Login	admin staff	Login berhasil
23-02-2018 03:28:25pm	Logout	admin staff	Logout berhasil
23-02-2018 03:28:31pm	Login	Mahfudz Aji	Login berhasil
23-02-2018 03:31:09pm	Logout	Mahfudz Aji	Logout berhasil
24-02-2018 04:46:13pm	Login	Mahfudz Aji	Login berhasil
24-02-2018 04:55:54pm	Logout	Mahfudz Aji	Logout berhasil
24-02-2018 04:58:36pm	Lupa password		User diberi password baru
24-02-2018 05:00:18pm	Login	Mahfudz Aji	Login berhasil
24-02-2018 05:00:46pm	Logout	Mahfudz Aji	Logout berhasil
24-02-2018 05:01:09pm	Logout	Mahfudz Aji	Logout berhasil
24-02-2018 05:11:00pm	Login	Mahfudz Aji	Login berhasil
24-02-2018 05:15:43pm	Logout	Mahfudz Aji	Logout berhasil
24-02-2018 05:17:34pm	Login		Login berhasil
28-02-2018 04:12:42pm	Lupa password		User diberi password baru
28-02-2018 04:17:10pm	Login	Mahfudz Aji	Login berhasil
28-02-2018 04:20:11pm	Reset password	Mahfudz Aji	User berhasil reset password baru
28-02-2018 04:23:45pm	Logout	Mahfudz Aji	Logout berhasil
28-02-2018 04:23:50pm	Login		Login berhasil
28-02-2018 04:24:04pm	Login		Login berhasil
28-02-2018 04:26:38pm	Login	Mahfudz Aji	Login berhasil
28-02-2018 05:05:47pm	Logout	Mahfudz Aji	Logout berhasil
28-02-2018 05:05:53pm	Login	Mahfudz Aji	Login berhasil
01-03-2018 02:25:59pm	Login	Mahfudz Aji	Login berhasil
01-03-2018 04:10:01pm	Logout	Mahfudz Aji	Logout berhasil
01-03-2018 04:52:41pm	Login	Mahfudz Aji	Login berhasil
02-03-2018 02:38:52pm	Login	Mahfudz Aji	Login berhasil
05-03-2018 11:24:49am	Login	Mahfudz Aji	Login berhasil
05-03-2018 11:36:27am	Logout	Mahfudz Aji	Logout berhasil
05-03-2018 11:37:31am	Login	Mahfudz Aji	Login berhasil
05-03-2018 11:37:34am	Logout	Mahfudz Aji	Logout berhasil
05-03-2018 11:41:20am	Login	Mahfudz Aji	Login berhasil
06-03-2018 10:54:03am	Login	Mahfudz Aji	Login berhasil
06-03-2018 11:21:04am	Register	Mahfudz Aji	Register berhasil
06-03-2018 11:32:10am	Register	Mahfudz Aji	Register berhasil
06-03-2018 11:34:58am	Register	Mahfudz Aji	Register berhasil
06-03-2018 11:41:08am	Register	Mahfudz Aji	Register berhasil
06-03-2018 11:48:54am	Register	Mahfudz Aji	Register berhasil
06-03-2018 11:50:43am	Register	Mahfudz Aji	Register berhasil
06-03-2018 11:52:19am	Register	Mahfudz Aji	Register berhasil
06-03-2018 11:56:26am	Register	Mahfudz Aji	Register berhasil
06-03-2018 02:28:10pm	Register	Mahfudz Aji	Register berhasil
06-03-2018 10:31:15pm	Register	Mahfudz Aji	Register berhasil
07-03-2018 11:30:37am	Login	Mahfudz Aji	Login berhasil
07-03-2018 11:32:10am	Register	Mahfudz Aji	Register berhasil
08-03-2018 09:41:20am	Login	Mahfudz Aji	Login berhasil
19-03-2018 07:26:12am	Login	Mahfudz Aji	Login berhasil
23-03-2018 11:17:31am	Login	Mahfudz Aji	Login berhasil
23-03-2018 01:49:45pm	Logout	Mahfudz Aji	Logout berhasil
23-03-2018 01:49:58pm	Login	Mahfudz Aji	Login berhasil
23-03-2018 01:52:47pm	Logout	Mahfudz Aji	Logout berhasil
23-03-2018 01:53:12pm	Login	Mahfudz Aji	Login berhasil
23-03-2018 02:14:34pm	Login	Mahfudz Aji	Login berhasil
09-04-2018 03:59:38pm	Login	Mahfudz Aji	Login berhasil
23-06-2018 01:01:45pm	Login	Mahfudz Aji	Login berhasil
24-06-2018 11:44:24am	Tanda terima	Mahfudz Aji	Pendaftaran data tanda terima berhasil
24-06-2018 04:33:49pm	Asset	Mahfudz Aji	Pembaharuan data asset 25 gagal
25-06-2018 10:06:59pm	Tanda terima	Mahfudz Aji	Pendaftaran data tanda terima 34 berhasil
25-06-2018 10:44:57pm	Insert document notes	Mahfudz Aji	Mendaftarkan notes $notes berhasil
25-06-2018 10:49:28pm	Insert document notes	Mahfudz Aji	Mendaftarkan notes $notes berhasil
25-06-2018 10:50:03pm	Insert document notes	Mahfudz Aji	Mendaftarkan notes $notes berhasil
25-06-2018 10:51:16pm	Laporan aktifitas	Mahfudz Aji	Pembaharuan data Laporan aktifitas 6 berhasil
25-06-2018 10:52:28pm	Insert document notes	Mahfudz Aji	Mendaftarkan notes $notes berhasil
25-06-2018 10:55:02pm	Reimburse form	Mahfudz Aji	Data reimburse berhasil disimpan
25-06-2018 10:55:21pm	Reimburse form	Mahfudz Aji	Pembaharuan data reimburse berhasil disimpan
25-06-2018 11:39:07pm	Quotation form	Mahfudz Aji	Data Quotation  berhasil disimpan
26-06-2018 12:03:18am	PO form	Mahfudz Aji	Data purchase order berhasil disimpan
26-06-2018 12:07:45am	PO form	Mahfudz Aji	Memperbaharui data purchase order berhasil.
26-06-2018 12:08:08am	QUO form	Mahfudz Aji	Memperbaharui data Quotation  berhasil.
26-06-2018 09:02:06am	Login	Mahfudz Aji	Login berhasil
29-06-2018 04:13:02pm	Login	Mahfudz Aji	Login berhasil
29-06-2018 04:13:41pm	QUO form	Mahfudz Aji	Maaf, memperbaharui data  Quotation gagal.
29-06-2018 04:15:35pm	QUO form	Mahfudz Aji	Maaf, memperbaharui data  Quotation gagal.
29-06-2018 04:17:26pm	QUO form	Mahfudz Aji	Maaf, memperbaharui data  Quotation gagal.
29-06-2018 04:24:06pm	QUO form	Mahfudz Aji	Maaf, memperbaharui data  Quotation gagal.
29-06-2018 04:27:00pm	QUO form	Mahfudz Aji	Maaf, memperbaharui data  Quotation gagal.
29-06-2018 04:27:47pm	QUO form	Mahfudz Aji	Maaf, memperbaharui data  Quotation gagal.
29-06-2018 04:30:42pm	QUO form	Mahfudz Aji	Maaf, memperbaharui data  Quotation gagal.
29-06-2018 10:59:54pm	QUO form	Mahfudz Aji	Maaf, memperbaharui data  Quotation gagal.
29-06-2018 11:02:49pm	QUO form	Mahfudz Aji	Memperbaharui data Quotation  berhasil.
29-06-2018 11:11:15pm	QUO form	Mahfudz Aji	Memperbaharui data Quotation  berhasil.
29-06-2018 11:12:32pm	QUO form	Mahfudz Aji	Memperbaharui data Quotation  berhasil.
29-06-2018 11:14:32pm	QUO form	Mahfudz Aji	Memperbaharui data Quotation  berhasil.
29-06-2018 11:28:05pm	QUO form	Mahfudz Aji	Data Quotation  berhasil disimpan
29-06-2018 11:30:25pm	QUO form	Mahfudz Aji	Data Quotation  berhasil disimpan
29-06-2018 11:32:13pm	Quotation form	Mahfudz Aji	Data Quotation  berhasil disimpan
30-06-2018 12:16:51am	Insert document notes	Mahfudz Aji	Mendaftarkan notes $notes berhasil
30-06-2018 12:18:38am	QUO	Mahfudz Aji	Removal data quo item berhasil
30-06-2018 12:20:56am	Logout	Mahfudz Aji	Logout berhasil
30-06-2018 08:50:43pm	Login	Mahfudz Aji	Login berhasil
30-06-2018 08:53:47pm	PO form	Mahfudz Aji	Data purchase order berhasil disimpan
01-07-2018 09:57:56am	Login	Mahfudz Aji	Login berhasil
01-07-2018 10:38:48am	Quotation form	Mahfudz Aji	Data Quotation  berhasil disimpan
01-07-2018 10:55:11am	PO form	Mahfudz Aji	Data purchase order berhasil disimpan
01-07-2018 12:45:59pm	Quotation form	Mahfudz Aji	Data Quotation  berhasil disimpan
01-07-2018 04:23:39pm	Quotation form	Mahfudz Aji	Data Quotation  berhasil disimpan
01-07-2018 04:25:33pm	Quotation form	Mahfudz Aji	Data Quotation  berhasil disimpan
01-07-2018 04:36:26pm	Quotation form	Mahfudz Aji	Data Quotation  berhasil disimpan
01-07-2018 04:46:28pm	Quotation form	Mahfudz Aji	Data Quotation  berhasil disimpan
02-07-2018 09:40:21am	Quotation form	Mahfudz Aji	Data Quotation  berhasil disimpan
02-07-2018 09:53:02am	QUO form	Mahfudz Aji	Memperbaharui data Quotation  berhasil.
02-07-2018 10:36:35am	PO form	Mahfudz Aji	Data purchase order berhasil disimpan
06-07-2018 09:06:36am	PO form	Mahfudz Aji	Data purchase order berhasil disimpan
06-07-2018 09:56:12am	Quotation form	Mahfudz Aji	Data Quotation  berhasil disimpan
06-07-2018 01:46:55pm	PO form	Mahfudz Aji	Data purchase order berhasil disimpan
07-07-2018 07:30:14am	Quotation form	Mahfudz Aji	Data Quotation  berhasil disimpan
07-07-2018 07:33:49am	QUO form	Mahfudz Aji	Memperbaharui data Quotation  berhasil.
07-07-2018 07:34:24am	QUO form	Mahfudz Aji	Memperbaharui data Quotation  berhasil.
07-07-2018 07:36:42am	QUO form	Mahfudz Aji	Data Quotation  berhasil disimpan
07-07-2018 07:38:04am	Insert document notes	Mahfudz Aji	Mendaftarkan notes $notes berhasil
07-07-2018 07:39:56am	Quotation form	Mahfudz Aji	Data Quotation  berhasil disimpan
07-07-2018 07:45:08am	Quotation form	Mahfudz Aji	Data Quotation  berhasil disimpan
07-07-2018 07:45:43am	QUO form	Mahfudz Aji	Memperbaharui data Quotation  berhasil.
07-07-2018 07:46:09am	QUO form	Mahfudz Aji	Memperbaharui data Quotation  berhasil.
07-07-2018 07:47:01am	QUO form	Mahfudz Aji	Data Quotation  berhasil disimpan
07-07-2018 07:47:40am	Insert document notes	Mahfudz Aji	Mendaftarkan notes $notes berhasil
07-07-2018 07:48:09am	Quotation form	Mahfudz Aji	Data Quotation  berhasil disimpan
07-07-2018 07:51:41am	QUO	Mahfudz Aji	Removal data quo item berhasil
07-07-2018 07:53:08am	QUO	Mahfudz Aji	Removal data quo item berhasil
07-07-2018 08:26:46am	QUO form	Mahfudz Aji	Memperbaharui data Quotation  berhasil.
07-07-2018 08:27:03am	QUO	Mahfudz Aji	Removal data quo item berhasil
07-07-2018 08:27:20am	QUO form	Mahfudz Aji	Data Quotation  berhasil disimpan
07-07-2018 08:28:35am	QUO form	Mahfudz Aji	Memperbaharui data Quotation  berhasil.
09-07-2018 09:54:53am	Login	Mahfudz Aji	Login berhasil
09-07-2018 10:04:25am	DO form	Mahfudz Aji	Data delivery order berhasil disimpan
09-07-2018 10:31:45am	DO form	Mahfudz Aji	Data delivery order gagal disimpan. Mohon cek dan ulangi kembali
09-07-2018 10:39:00am	DO form	Mahfudz Aji	Data delivery order berhasil disimpan
09-07-2018 10:58:07am	DO form	Mahfudz Aji	Data delivery order berhasil disimpan
09-07-2018 11:06:06am	DO form	Mahfudz Aji	Data delivery order berhasil disimpan
09-07-2018 04:18:44pm	DO form	Mahfudz Aji	Data delivery order berhasil disimpan
10-07-2018 10:33:27pm	Login	Mahfudz Aji	Login berhasil
10-07-2018 10:34:59pm	Stock	Mahfudz Aji	Data stock  berhasil disimpan
10-07-2018 10:36:46pm	Stock	Mahfudz Aji	Data stock  berhasil disimpan
10-07-2018 10:37:12pm	Stock	Mahfudz Aji	Data stock  berhasil disimpan
10-07-2018 11:02:45pm	Stock	Mahfudz Aji	Data stock  berhasil disimpan
11-07-2018 01:39:39pm	Login	Mahfudz Aji	Login berhasil
11-07-2018 02:58:03pm	Stock	Mahfudz Aji	Data stock  berhasil disimpan
11-07-2018 03:00:38pm	Stock	Mahfudz Aji	Data stock  berhasil disimpan
11-07-2018 03:00:39pm	Stock	Mahfudz Aji	Data stock  berhasil disimpan
11-07-2018 03:04:16pm	Stock	Mahfudz Aji	Data stock  berhasil disimpan
11-07-2018 03:04:16pm	Stock	Mahfudz Aji	Data stock  berhasil disimpan
11-07-2018 05:08:54pm	Stock	Mahfudz Aji	Data stock  berhasil disimpan
11-07-2018 05:08:54pm	Stock	Mahfudz Aji	Data stock  berhasil disimpan
11-07-2018 05:12:50pm	Stock	Mahfudz Aji	Data stock  berhasil disimpan
11-07-2018 05:12:50pm	Stock	Mahfudz Aji	Data stock  berhasil disimpan
11-07-2018 05:15:22pm	Stock	Mahfudz Aji	Data stock  berhasil disimpan
11-07-2018 05:16:57pm	Stock	Mahfudz Aji	Data stock  berhasil disimpan
11-07-2018 05:17:06pm	Stock	Mahfudz Aji	Data stock  berhasil disimpan
11-07-2018 05:17:06pm	Stock	Mahfudz Aji	Data stock  berhasil disimpan
11-07-2018 05:20:15pm	Stock	Mahfudz Aji	Data stock  berhasil disimpan
11-07-2018 05:20:15pm	Stock	Mahfudz Aji	Data stock  berhasil disimpan
11-07-2018 05:21:52pm	Stock	Mahfudz Aji	Data stock  berhasil disimpan
11-07-2018 05:21:52pm	Stock	Mahfudz Aji	Data stock  berhasil disimpan
12-07-2018 04:40:57pm	Login	Mahfudz Aji	Login berhasil
15-07-2018 05:00:27pm	Login	Mahfudz Aji	Login berhasil
25-07-2018 09:12:49pm	Login	Mahfudz Aji	Login berhasil
26-07-2018 01:30:57pm	Logout	Mahfudz Aji	Logout berhasil
26-07-2018 01:31:03pm	Login	Mahfudz Aji	Login berhasil
01-08-2018 08:45:12pm	Logout	Mahfudz Aji	Logout berhasil
01-08-2018 08:45:18pm	Login	Mahfudz Aji	Login berhasil
08-08-2018 04:42:43pm	Login	Mahfudz Aji	Login berhasil
19-09-2018 01:55:42pm	Login	Mahfudz Aji	Login berhasil
25-09-2018 07:32:57am	Login	Mahfudz Aji	Login berhasil
<<<<<<< HEAD
26-09-2018 08:28:02am	Logout	Mahfudz Aji	Logout berhasil
=======
26-09-2018 08:40:28am	Login	Mahfudz Aji	Login berhasil
<<<<<<< HEAD
>>>>>>> begin-install
=======
26-09-2018 10:18:45pm	Logout	Mahfudz Aji	Logout berhasil
26-09-2018 10:18:55pm	Login	Mahfudz Aji	Login berhasil
26-09-2018 11:36:46pm	profile	Mahfudz Aji	Pembaharuan profile  berhasil
26-09-2018 11:36:53pm	profile	Mahfudz Aji	Pembaharuan profile  berhasil
28-09-2018 08:28:39pm	Login	Mahfudz Aji	Login berhasil
>>>>>>> setting-page
01-10-2018 11:03:52am	Project	Mahfudz Aji	Data Project  berhasil disimpan
01-10-2018 12:38:12pm	Logout	Mahfudz Aji	Logout berhasil
01-10-2018 12:38:23pm	Login	Mahfudz Aji	Login berhasil
02-10-2018 02:06:51am	Login	Mahfudz Aji	Login berhasil
03-10-2018 01:59:08pm	Receipt form	Mahfudz Aji	Data Receipt berhasil disimpan
03-10-2018 02:17:28pm	Receipt form	Mahfudz Aji	Data Receipt berhasil disimpan
03-10-2018 02:23:20pm	Receipt form	Mahfudz Aji	Data Receipt berhasil disimpan
04-10-2018 01:19:20am	Stock	Mahfudz Aji	Data stock  berhasil disimpan
04-10-2018 01:19:20am	Receipt form	Mahfudz Aji	Data Receipt gagal disimpan. Mohon cek dan ulangi kembali
04-10-2018 01:21:02am	Stock	Mahfudz Aji	Data stock  berhasil disimpan
04-10-2018 01:21:02am	Receipt form	Mahfudz Aji	Data Receipt gagal disimpan. Mohon cek dan ulangi kembali
04-10-2018 01:23:47am	Stock	Mahfudz Aji	Data stock  berhasil disimpan
04-10-2018 01:23:47am	Receipt form	Mahfudz Aji	Data Receipt berhasil disimpan
04-10-2018 02:22:49pm	Project	Mahfudz Aji	Data Project  gagal disimpan. Mohon cek dan ulangi kembali
04-10-2018 02:24:04pm	Project	Mahfudz Aji	Data Project  gagal disimpan. Mohon cek dan ulangi kembali
04-10-2018 02:26:51pm	Project	Mahfudz Aji	Data Project  berhasil disimpan
04-10-2018 02:34:18pm	Project	Mahfudz Aji	Data Project  berhasil disimpan
04-10-2018 02:36:53pm	Project	Mahfudz Aji	Data Project  berhasil disimpan
04-10-2018 02:36:53pm	Request project item	Mahfudz Aji	Data Receipt gagal disimpan. Mohon cek dan ulangi kembali
04-10-2018 02:37:40pm	Project	Mahfudz Aji	Data Project  berhasil disimpan
04-10-2018 02:38:41pm	Project	Mahfudz Aji	Data Project  berhasil disimpan
04-10-2018 02:38:41pm	Request project item	Mahfudz Aji	Data Receipt gagal disimpan. Mohon cek dan ulangi kembali
04-10-2018 02:40:29pm	Project	Mahfudz Aji	Data Project  berhasil disimpan
04-10-2018 02:40:53pm	Project	Mahfudz Aji	Data Project  berhasil disimpan
04-10-2018 02:40:53pm	Request project item	Mahfudz Aji	Data Receipt gagal disimpan. Mohon cek dan ulangi kembali
04-10-2018 02:43:46pm	Project	Mahfudz Aji	Data Project  berhasil disimpan
04-10-2018 03:45:40pm	Project	Mahfudz Aji	Data Project  berhasil disimpan
04-10-2018 03:48:44pm	Project	Mahfudz Aji	Data Project  berhasil disimpan
04-10-2018 03:49:14pm	Project	Mahfudz Aji	Data Project  berhasil disimpan
04-10-2018 03:49:14pm	Request project item	Mahfudz Aji	Data Receipt berhasil disimpan
04-10-2018 08:22:14pm	Login	Mahfudz Aji	Login berhasil
05-10-2018 09:55:46pm	Logout	Mahfudz Aji	Logout berhasil
05-10-2018 11:42:03pm	Register owner		Register user pertama berhasil
05-10-2018 11:46:33pm	Register owner		Register user pertama berhasil
05-10-2018 11:49:39pm	Konfirmasi pengguna		Konfirmasi pengguna berhasil
05-10-2018 11:49:57pm	Login	mahfudzaji	Login berhasil
06-10-2018 12:20:13am	Register owner	mahfudzaji	Register user pertama berhasil
06-10-2018 12:29:09am	Logout	mahfudzaji	Logout berhasil
06-10-2018 12:36:59am	Konfirmasi pengguna		Konfirmasi pengguna berhasil
06-10-2018 12:37:09am	Login	mahfudzaji	Login berhasil
06-10-2018 12:40:52am	Login	mahfudzaji	Login berhasil
06-10-2018 12:53:17am	Partner	mahfudzaji	Pendaftaran partner gagal
06-10-2018 12:56:39am	Partner	mahfudzaji	Pendaftaran partner gagal
06-10-2018 01:04:08am	Partner	mahfudzaji	Pendaftaran partner gagal
06-10-2018 01:09:07am	Partner	mahfudzaji	Pendaftaran partner berhasil
06-10-2018 06:16:39am	Login	mahfudzaji	Login berhasil
06-10-2018 06:32:10am	Insert Category	mahfudzaji	Mendaftarkan Category berhasil
06-10-2018 06:38:30am	Insert product	mahfudzaji	Mendaftarkan product berhasil
06-10-2018 07:25:03am	Insert product	mahfudzaji	Mendaftarkan product gagal
06-10-2018 07:26:55am	Insert product	mahfudzaji	Mendaftarkan product berhasil
06-10-2018 01:31:48pm	Partner	mahfudzaji	Pendaftaran partner berhasil
06-10-2018 09:05:33pm	Register	mahfudzaji	Register berhasil
06-10-2018 09:15:20pm	QUO form	mahfudzaji	Data Quotation  gagal disimpan. Mohon cek dan ulangi kembali
06-10-2018 09:19:45pm	Quotation form	mahfudzaji	Data Quotation  berhasil disimpan
06-10-2018 09:20:40pm	profile	mahfudzaji	Pembaharuan profile  berhasil
06-10-2018 09:22:40pm	profile	mahfudzaji	Pembaharuan profile  berhasil
06-10-2018 09:47:32pm	QUO form	mahfudzaji	Memperbaharui data Quotation  berhasil.
06-10-2018 09:47:32pm	QUO form	mahfudzaji	Memperbaharui data Quotation  berhasil.
06-10-2018 09:48:47pm	QUO form	mahfudzaji	Memperbaharui data Quotation  berhasil.
06-10-2018 09:48:47pm	QUO form	mahfudzaji	Memperbaharui data Quotation  berhasil.
06-10-2018 09:50:52pm	QUO form	mahfudzaji	Memperbaharui data Quotation  berhasil.
06-10-2018 09:55:24pm	QUO form	mahfudzaji	Data Quotation  berhasil disimpan
06-10-2018 09:55:48pm	QUO form	mahfudzaji	Memperbaharui data Quotation  berhasil.
06-10-2018 09:56:04pm	Insert document notes	mahfudzaji	Mendaftarkan notes $notes berhasil
07-10-2018 12:38:31pm	Login	Mahfudzaji	Login berhasil
07-10-2018 12:54:11pm	Quotation form	Mahfudzaji	Data Quotation  berhasil disimpan
07-10-2018 01:36:12pm	PO form	Mahfudzaji	Data purchase order berhasil disimpan
07-10-2018 08:06:23pm	Stock	Mahfudzaji	Data stock  berhasil disimpan
07-10-2018 08:06:23pm	Receipt form	Mahfudzaji	Data Receipt berhasil disimpan
07-10-2018 09:52:24pm	DO form	Mahfudzaji	Data delivery order berhasil disimpan
08-10-2018 09:46:30am	Project	Mahfudzaji	Data Project  gagal disimpan. Mohon cek dan ulangi kembali
08-10-2018 09:55:24am	Project	Mahfudzaji	Data Project  berhasil disimpan
08-10-2018 10:23:52am	Project	Mahfudzaji	Data Project  berhasil disimpan
08-10-2018 10:25:12am	Project	Mahfudzaji	Data Project  berhasil disimpan
08-10-2018 10:26:12am	Project	Mahfudzaji	Data Project  berhasil disimpan
08-10-2018 10:27:02am	Project	Mahfudzaji	Data Project  berhasil disimpan
08-10-2018 10:27:29am	Project	Mahfudzaji	Data Project  berhasil disimpan
08-10-2018 10:29:15am	Project	Mahfudzaji	Data Project  berhasil disimpan
08-10-2018 10:29:54am	Project	Mahfudzaji	Data Project  berhasil disimpan
08-10-2018 10:31:06am	Project	Mahfudzaji	Data Project  berhasil disimpan
08-10-2018 10:31:50am	Project	Mahfudzaji	Data Project  berhasil disimpan
08-10-2018 10:32:54am	Project	Mahfudzaji	Data Project  berhasil disimpan
08-10-2018 10:34:03am	Project	Mahfudzaji	Data Project  berhasil disimpan
08-10-2018 10:35:57am	Project	Mahfudzaji	Data Project  berhasil disimpan
08-10-2018 10:35:57am	Request project item	Mahfudzaji	Gagal menambahkan project item
08-10-2018 10:38:29am	Project	Mahfudzaji	Data Project  berhasil disimpan
08-10-2018 10:38:55am	Project	Mahfudzaji	Data Project  berhasil disimpan
08-10-2018 10:39:35am	Project	Mahfudzaji	Data Project  berhasil disimpan
08-10-2018 10:39:45am	Project	Mahfudzaji	Data Project  berhasil disimpan
08-10-2018 10:39:45am	Request project item	Mahfudzaji	Gagal menambahkan project item
08-10-2018 12:48:39pm	PO form	Mahfudzaji	Data purchase order berhasil disimpan
08-10-2018 12:49:31pm	DO form	Mahfudzaji	Data delivery order berhasil disimpan
08-10-2018 01:07:48pm	Stock	Mahfudzaji	Data stock  berhasil disimpan
08-10-2018 01:07:48pm	Stock	Mahfudzaji	Data stock  berhasil disimpan
08-10-2018 01:13:13pm	Stock	Mahfudzaji	Data stock  berhasil disimpan
08-10-2018 01:13:13pm	Stock	Mahfudzaji	Data stock  berhasil disimpan
08-10-2018 04:54:22pm	Quotation form	Mahfudzaji	Data Quotation  berhasil disimpan
08-10-2018 04:54:47pm	PO form	Mahfudzaji	Data purchase order berhasil disimpan
08-10-2018 04:55:36pm	DO form	Mahfudzaji	Data delivery order berhasil disimpan
08-10-2018 04:56:06pm	Stock	Mahfudzaji	Data stock  berhasil disimpan
08-10-2018 04:56:34pm	Stock	Mahfudzaji	Data stock  berhasil disimpan
08-10-2018 04:58:43pm	Quotation form	Mahfudzaji	Data Quotation  berhasil disimpan
08-10-2018 04:59:13pm	PO form	Mahfudzaji	Data purchase order berhasil disimpan
08-10-2018 04:59:51pm	DO form	Mahfudzaji	Data delivery order berhasil disimpan
08-10-2018 05:00:26pm	Stock	Mahfudzaji	Data stock  berhasil disimpan
08-10-2018 05:00:26pm	Stock	Mahfudzaji	Data stock  berhasil disimpan
08-10-2018 05:00:46pm	Stock	Mahfudzaji	Data stock  berhasil disimpan
08-10-2018 05:00:46pm	Stock	Mahfudzaji	Data stock  berhasil disimpan
09-10-2018 03:45:36pm	Logout	Mahfudzaji	Logout berhasil
10-10-2018 01:18:06pm	Register owner		Register user pertama berhasil
10-10-2018 01:27:24pm	Konfirmasi pengguna		Konfirmasi pengguna berhasil
10-10-2018 01:27:38pm	Login	mahfudzaji	Login berhasil
10-10-2018 01:40:32pm	Register owner	mahfudzaji	Register user pertama berhasil
10-10-2018 01:40:38pm	Logout	mahfudzaji	Logout berhasil
10-10-2018 01:41:25pm	Konfirmasi pengguna		Konfirmasi pengguna berhasil
10-10-2018 01:41:38pm	Login	mahfudzaji	Login berhasil
10-10-2018 01:42:17pm	Partner	mahfudzaji	Pendaftaran partner berhasil
10-10-2018 01:55:28pm	Partner	mahfudzaji	Pendaftaran partner berhasil
10-10-2018 01:58:35pm	Insert Category	mahfudzaji	Mendaftarkan Category berhasil
10-10-2018 01:59:25pm	Insert product	mahfudzaji	Mendaftarkan product berhasil
10-10-2018 02:10:40pm	Register	mahfudzaji	Register berhasil
10-10-2018 02:11:48pm	Quotation form	mahfudzaji	Data Quotation  berhasil disimpan
10-10-2018 02:20:09pm	PO form	mahfudzaji	Data purchase order berhasil disimpan
10-10-2018 02:20:58pm	DO form	mahfudzaji	Data delivery order berhasil disimpan
10-10-2018 02:25:49pm	Stock	mahfudzaji	Data stock  berhasil disimpan
11-10-2018 03:29:20pm	Login	mahfudzaji	Login berhasil
11-10-2018 03:31:56pm	PO form	mahfudzaji	Data purchase order berhasil disimpan
11-10-2018 03:32:29pm	DO form	mahfudzaji	Data delivery order berhasil disimpan
11-10-2018 03:33:00pm	Stock	mahfudzaji	Data stock  berhasil disimpan
11-10-2018 04:13:19pm	Login	mahfudzaji	Login berhasil
11-10-2018 04:18:28pm	Stock	mahfudzaji	Data stock  gagal disimpan. Mohon cek dan ulangi kembali
11-10-2018 04:19:04pm	Stock	mahfudzaji	Data stock  gagal disimpan. Mohon cek dan ulangi kembali
11-10-2018 04:20:08pm	Stock	mahfudzaji	Data stock  berhasil disimpan
12-10-2018 09:54:09pm	Logout	mahfudzaji	Logout berhasil
12-10-2018 09:54:22pm	Login	mahfudzaji	Login berhasil
12-10-2018 10:07:07pm	Insert document notes	mahfudzaji	Mendaftarkan notes $notes berhasil
12-10-2018 10:07:17pm	Insert document notes	mahfudzaji	Mendaftarkan notes $notes berhasil
13-10-2018 07:42:17pm	Project	mahfudzaji	Data Project  gagal disimpan. Mohon cek dan ulangi kembali
13-10-2018 07:46:28pm	Project	mahfudzaji	Data Project  berhasil disimpan
14-10-2018 07:14:26am	Project	mahfudzaji	Data Project  berhasil disimpan
14-10-2018 07:14:26am	Request project item	mahfudzaji	Gagal menambahkan project item
14-10-2018 07:17:38am	Insert document notes	mahfudzaji	Mendaftarkan notes $notes berhasil
14-10-2018 07:26:53am	Login	mahfudzaji	Login berhasil
14-10-2018 02:20:38pm	Project	mahfudzaji	Data Project  berhasil disimpan
14-10-2018 02:20:38pm	Request project item	mahfudzaji	Gagal menambahkan project item
14-10-2018 03:52:38pm	Project	mahfudzaji	Data Project  berhasil disimpan
14-10-2018 04:02:19pm	Project	mahfudzaji	Data Project  berhasil disimpan
14-10-2018 04:02:19pm	Request project item	mahfudzaji	Gagal menambahkan project item
15-10-2018 10:28:23am	Insert product	mahfudzaji	Mendaftarkan product berhasil
15-10-2018 10:40:54am	Insert Category	mahfudzaji	Mendaftarkan Category berhasil
15-10-2018 10:41:17am	Insert product	mahfudzaji	Mendaftarkan product berhasil
15-10-2018 03:48:28pm	Insert product	mahfudzaji	Mendaftarkan product gagal
15-10-2018 03:50:17pm	Insert product	mahfudzaji	Memperbaharui product gagal
15-10-2018 03:51:24pm	Insert product	mahfudzaji	Memperbaharui product berhasil
15-10-2018 03:51:34pm	Insert product	mahfudzaji	Memperbaharui product berhasil
15-10-2018 03:51:45pm	Insert product	mahfudzaji	Memperbaharui product berhasil
15-10-2018 03:51:54pm	Insert product	mahfudzaji	Memperbaharui product berhasil
15-10-2018 03:55:59pm	Insert product	mahfudzaji	Memperbaharui product berhasil
15-10-2018 03:56:11pm	Insert product	mahfudzaji	Memperbaharui product berhasil
15-10-2018 03:56:35pm	Insert product	mahfudzaji	Memperbaharui product berhasil
15-10-2018 08:56:49pm	Logout	mahfudzaji	Logout berhasil
16-10-2018 03:26:03pm	Login	mahfudzaji	Login berhasil
17-10-2018 12:08:27am	Insert product	mahfudzaji	Mendaftarkan product berhasil
17-10-2018 12:35:15am	Insert document notes	mahfudzaji	Mendaftarkan notes $notes berhasil
17-10-2018 01:11:52pm	PO	mahfudzaji	Removal data PO item berhasil
18-10-2018 07:07:42am	Register owner	aji	Register user pertama berhasil
18-10-2018 07:22:07am	Partner	aji	Pendaftaran partner berhasil
18-10-2018 07:52:53am	Partner	aji	Pembaharuan partner berhasil
18-10-2018 07:53:32am	Partner	aji	Pembaharuan partner berhasil
18-10-2018 07:57:22am	Partner	aji	Pendaftaran partner berhasil
18-10-2018 07:58:14am	Insert Category	aji	Mendaftarkan Category berhasil
18-10-2018 07:58:45am	Insert product	aji	Mendaftarkan product berhasil
18-10-2018 08:03:10am	Insert product	aji	Mendaftarkan product berhasil
18-10-2018 02:12:02pm	Receipt form	aji	Maaf, memperbaharui data Receiptgagal.
18-10-2018 02:12:56pm	Receipt form	aji	Memperbaharui data Receipt berhasil.
18-10-2018 02:15:48pm	Receipt form	aji	Memperbaharui data Receipt berhasil.
18-10-2018 04:39:07pm	Receipt form	aji	Data Receipt gagal disimpan. Mohon cek dan ulangi kembali
18-10-2018 04:41:33pm	Receipt form	aji	Data Receipt gagal disimpan. Mohon cek dan ulangi kembali
18-10-2018 04:48:51pm	Receipt form	aji	Data Receipt berhasil disimpan
18-10-2018 04:56:18pm	Partner	aji	Pembaharuan partner berhasil
18-10-2018 11:36:31pm	Receipt form	aji	Menghapus data item Receipt berhasil.
19-10-2018 12:00:27am	Receipt form	aji	Memperbaharui receipt item berhasil
19-10-2018 12:01:45am	Receipt form	aji	Memperbaharui receipt item berhasil
19-10-2018 12:20:15am	Receipt form	aji	Memperbaharui receipt item gagal
19-10-2018 12:39:44am	Receipt form	aji	Memperbaharui receipt item berhasil
19-10-2018 12:54:49am	Receipt form	aji	Data Receipt gagal disimpan. Mohon cek dan ulangi kembali
19-10-2018 12:56:06am	Receipt form	aji	Data Receipt gagal disimpan. Mohon cek dan ulangi kembali
19-10-2018 12:57:49am	Receipt form	aji	Data Receipt gagal disimpan. Mohon cek dan ulangi kembali
19-10-2018 12:58:40am	Receipt form	aji	Data Receipt gagal disimpan. Mohon cek dan ulangi kembali
19-10-2018 01:02:15am	Receipt form	aji	Data Receipt berhasil disimpan
19-10-2018 01:29:14am	Receipt item	aji	Menghapus data item Receipt berhasil.
19-10-2018 01:30:38am	Receipt form	aji	Data Receipt berhasil disimpan
19-10-2018 01:31:14am	Receipt form	aji	Memperbaharui receipt item berhasil
19-10-2018 01:43:58am	Register	aji	Register berhasil
19-10-2018 01:45:32am	Quotation form	aji	Data Quotation  berhasil disimpan
19-10-2018 01:46:46am	QUO form	aji	Memperbaharui data Quotation  berhasil.
19-10-2018 01:46:51am	QUO	aji	Removal data quo item berhasil
19-10-2018 01:47:40am	Insert document notes	aji	Mendaftarkan notes $notes berhasil
19-10-2018 01:48:50am	PO form	aji	Data purchase order berhasil disimpan
19-10-2018 01:49:14am	QUO form	aji	Memperbaharui data Quotation  berhasil.
19-10-2018 01:50:08am	PO form	aji	Memperbaharui data purchase order berhasil.
19-10-2018 01:50:20am	PO form	aji	Memperbaharui data purchase order berhasil.
19-10-2018 01:51:48am	DO form	aji	Data delivery order berhasil disimpan
19-10-2018 01:52:14am	Stock	aji	Data stock  berhasil disimpan
19-10-2018 01:53:10am	QUO form	aji	Memperbaharui data Quotation  berhasil.
19-10-2018 01:53:10am	QUO form	aji	Memperbaharui data Quotation  berhasil.
19-10-2018 01:55:06am	Insert product	aji	Memperbaharui product berhasil
19-10-2018 01:55:19am	Insert product	aji	Memperbaharui product berhasil
19-10-2018 06:09:49am	QUO form	aji	Memperbaharui data Quotation  berhasil.
19-10-2018 06:10:07am	QUO	aji	Removal data quo item berhasil
19-10-2018 06:22:16am	QUO form	aji	Data Quotation  berhasil disimpan
19-10-2018 06:23:24am	QUO	aji	Removal data quo item berhasil
19-10-2018 06:23:49am	QUO form	aji	Data Quotation  berhasil disimpan
19-10-2018 06:26:41am	QUO	aji	Removal data quo item berhasil
19-10-2018 06:30:38am	QUO form	aji	Data Quotation  berhasil disimpan
19-10-2018 06:36:59am	QUO form	aji	Memperbaharui data Quotation  berhasil.
19-10-2018 06:36:59am	QUO form	aji	Memperbaharui data Quotation  berhasil.
19-10-2018 06:37:05am	QUO form	aji	Memperbaharui data Quotation  berhasil.
19-10-2018 06:37:05am	QUO form	aji	Memperbaharui data Quotation  berhasil.
19-10-2018 07:39:01am	PO form	aji	Maaf, memperbaharui data purchase order gagal.
19-10-2018 07:40:08am	PO form	aji	Maaf, memperbaharui data purchase order gagal.
19-10-2018 07:42:41am	PO form	aji	Maaf, memperbaharui data purchase order gagal.
19-10-2018 07:44:29am	PO form	aji	Memperbaharui data purchase order berhasil.
19-10-2018 07:44:43am	PO form	aji	Memperbaharui data purchase order berhasil.
19-10-2018 08:13:45am	PO form	aji	Menghapus data item PO berhasil.
19-10-2018 08:37:26am	Receipt form	aji	Memperbaharui receipt item berhasil
19-10-2018 08:37:38am	Receipt item	aji	Menghapus data item Receipt berhasil.
19-10-2018 08:38:02am	Receipt form	aji	Memperbaharui data Receipt berhasil.
19-10-2018 08:38:36am	Receipt form	aji	Data Receipt berhasil disimpan
19-10-2018 08:39:01am	Receipt form	aji	Menghapus data item Receipt berhasil.
19-10-2018 08:47:16am	PO form	aji	Data purchase order berhasil disimpan
19-10-2018 08:48:06am	PO form	aji	Memperbaharui data purchase order berhasil.
19-10-2018 08:48:46am	Insert document notes	aji	Mendaftarkan notes $notes berhasil
19-10-2018 08:49:29am	PO form	aji	Menghapus data item PO berhasil.
19-10-2018 08:50:16am	PO form	aji	Data purchase order berhasil disimpan
19-10-2018 08:51:05am	DO form	aji	Data delivery order berhasil disimpan
19-10-2018 08:51:36am	Stock	aji	Data stock  berhasil disimpan
19-10-2018 09:27:16am	DO form	aji	Maaf, memperbaharui data delivery order gagal.
19-10-2018 09:31:39am	Insert document notes	aji	Mendaftarkan notes $notes berhasil
19-10-2018 09:48:02am	DO form	aji	Menghapus data item DO berhasil.
19-10-2018 09:53:27am	DO form	aji	Data delivery order berhasil disimpan
19-10-2018 09:53:38am	Stock	aji	Data stock  berhasil disimpan
21-10-2018 11:03:52am	Quotation form	aji	Data Quotation  berhasil disimpan
21-10-2018 11:04:07am	QUO form	aji	Memperbaharui data Quotation  berhasil.
21-10-2018 11:04:07am	QUO form	aji	Memperbaharui data Quotation  berhasil.
21-10-2018 11:25:34am	QUO form	aji	Menghapus data item Quotation berhasil.
21-10-2018 01:11:23pm	PO form	aji	Data purchase order berhasil disimpan
21-10-2018 01:12:14pm	PO form	aji	Memperbaharui data purchase order berhasil.
21-10-2018 01:21:20pm	QUO	aji	Removal data quo item berhasil
21-10-2018 01:22:02pm	QUO form	aji	Data Quotation  berhasil disimpan
21-10-2018 01:22:58pm	QUO	aji	Removal data quo item berhasil
21-10-2018 02:18:16pm	QUO form	aji	Data Quotation  berhasil disimpan
21-10-2018 02:19:41pm	Receipt form	aji	Memperbaharui receipt item berhasil
22-10-2018 09:07:32am	Project	aji	Data Project  berhasil disimpan
22-10-2018 09:51:53am	Insert document notes	aji	Mendaftarkan notes $notes berhasil
22-10-2018 01:46:43pm	Project	aji	Data Project  berhasil disimpan
22-10-2018 01:46:43pm	Request project item	aji	Gagal menambahkan project item
22-10-2018 03:53:39pm	Project	aji	Data Project  berhasil disimpan
22-10-2018 03:53:40pm	Request project item	aji	Gagal menambahkan project item
22-10-2018 04:49:59pm	Project	aji	Data Project  berhasil disimpan
22-10-2018 04:49:59pm	Request project item	aji	Gagal menambahkan project item
22-10-2018 05:07:34pm	Project	aji	Data Project  berhasil disimpan
22-10-2018 05:07:34pm	Request project item	aji	Gagal menambahkan project item
22-10-2018 05:08:29pm	Project	aji	Data Project  berhasil disimpan
22-10-2018 05:08:29pm	Request project item	aji	Gagal menambahkan project item
23-10-2018 07:19:08am	Konfirmasi pengguna		Konfirmasi pengguna berhasil
23-10-2018 07:28:28am	Konfirmasi pengguna		Konfirmasi pengguna berhasil
23-10-2018 07:30:01am	Login	mahfudzaji	Login berhasil
23-10-2018 01:10:04pm	Receipt form	mahfudzaji	Data Receipt berhasil disimpan
23-10-2018 01:10:37pm	Project	mahfudzaji	Data Project  berhasil disimpan
23-10-2018 01:10:37pm	Request project item	mahfudzaji	Gagal menambahkan project item
24-10-2018 06:40:43am	Project	mahfudzaji	Maaf, memperbaharui data  Project gagal.
24-10-2018 06:41:27am	Project	mahfudzaji	Memperbaharui data Project  berhasil.
24-10-2018 06:42:01am	Project	mahfudzaji	Memperbaharui data Project  berhasil.
24-10-2018 07:00:30am	Project	mahfudzaji	Data Project  berhasil disimpan
24-10-2018 07:01:22am	Project	mahfudzaji	Data Project  berhasil disimpan
24-10-2018 07:01:22am	Request project item	mahfudzaji	Gagal menambahkan project item
24-10-2018 07:05:14am	Project	mahfudzaji	Data Project  berhasil disimpan
24-10-2018 07:06:21am	Project	mahfudzaji	Data Project  berhasil disimpan
24-10-2018 07:06:21am	Request project item	mahfudzaji	Gagal menambahkan project item
24-10-2018 07:37:26am	Insert product	mahfudzaji	Memperbaharui category berhasil
24-10-2018 07:37:33am	Insert product	mahfudzaji	Memperbaharui category berhasil
24-10-2018 07:52:06am	Logout	mahfudzaji	Logout berhasil
24-10-2018 07:54:00am	Login	mahfudzaji	Login berhasil
